2021-08-29 23:49:10.961 DEBUG [INICIO DE ABM en AML]
2021-08-29 23:49:10.978 DEBUG [================================================]
2021-08-29 23:49:10.978 DEBUG [Inicio de 2 simulaciones]
2021-08-29 23:49:10.978 DEBUG [================================================]
2021-08-29 23:49:10.984 INFO [================================================]
2021-08-29 23:49:10.984 INFO [SIMULACIÓN => 1]
2021-08-29 23:49:10.984 INFO [================================================]
2021-08-29 23:49:11.006 INFO [Configuración global de la simulación [1]]
{
  "totalTimes": 2,
  "numPopIndividual": 487,
  "numPopIntermediary": 31,
  "numPopNoProfitBusiness": 48,
  "numPopProfitBusiness": 51,
  "numPopTrustBusiness": 21,
  "numPopShellBusiness": 38,
  "numPopHighPropensityFraud": 164,
  "perPopWatchList": 0.23025,
  "maxTimesWatchList": 23,
  "maxTimesCleanWatchList": 9,
  "maxPropensityFraud": 0.61875,
  "maxHighPropensityFraud": 0.81875,
  "perLinkedIntermediary": 0.735,
  "numMaxLinkedNoIntermediary": 1.0375,
  "numMaxLinkedIndBusInter": 3.27,
  "perExecuteDeposit": 0.12975,
  "perExecuteTransfer": 0.539,
  "perExecuteWithdrawal": 0.36275,
  "amountSuspiciousOperation": 9000,
  "rangeAmountTransaction": {
    "start": 0,
    "end": 106441.25
  },
  "perNewLinkTransact": 0.215,
  "currentIteration": 0,
  "idDatabase": 0,
  "totalIterations": 0,
  "totalNodes": 0,
  "totalEdges": 0
}
2021-08-29 23:49:11.006 INFO [ID Simulation [788]]
2021-08-29 23:49:11.056 INFO [Total de agentes creados [676]]
2021-08-29 23:49:12.039 INFO [Red creada con [1930] enalces]
2021-08-29 23:49:12.084 WARM [INICIO DÍA => 1 DE LA SIMULACIÓN => 1]
2021-08-29 23:49:12.097 INFO [Depósitos para el día 1 de la simulación 1]
2021-08-29 23:49:12.265 INFO [Transferencias para el día 1 de la simulación 1]
2021-08-29 23:49:12.334 INFO [Operaciones para el día 1 de la simulación 1]
2021-08-29 23:49:12.367 INFO [FIN DÍA => 1 DE LA SIMULACIÓN => 1]
2021-08-29 23:49:12.367 WARM [INICIO DÍA => 2 DE LA SIMULACIÓN => 1]
2021-08-29 23:49:12.381 INFO [Depósitos para el día 2 de la simulación 1]
2021-08-29 23:49:12.519 INFO [Transferencias para el día 2 de la simulación 1]
2021-08-29 23:49:12.583 INFO [Operaciones para el día 2 de la simulación 1]
2021-08-29 23:49:12.617 INFO [FIN DÍA => 2 DE LA SIMULACIÓN => 1]
2021-08-29 23:49:12.617 SILLY [1544 transacciones de la simulación 1]
2021-08-29 23:49:12.691 INFO [================================================]
2021-08-29 23:49:12.691 INFO [SIMULACIÓN => 2]
2021-08-29 23:49:12.691 INFO [================================================]
2021-08-29 23:49:12.731 INFO [ID Simulation [789]]
2021-08-29 23:49:12.731 INFO [Configuración global de la simulación [2]]
{
  "totalTimes": 2,
  "numPopIndividual": 230,
  "numPopIntermediary": 55,
  "numPopNoProfitBusiness": 30,
  "numPopProfitBusiness": 31,
  "numPopTrustBusiness": 15,
  "numPopShellBusiness": 26,
  "numPopHighPropensityFraud": 76,
  "perPopWatchList": 0.22725,
  "maxTimesWatchList": 19,
  "maxTimesCleanWatchList": 5,
  "maxPropensityFraud": 0.89175,
  "maxHighPropensityFraud": 0.9,
  "perLinkedIntermediary": 0.653,
  "numMaxLinkedNoIntermediary": 15.0625,
  "numMaxLinkedIndBusInter": 3.03,
  "perExecuteDeposit": 0.02175,
  "perExecuteTransfer": 0.331,
  "perExecuteWithdrawal": 0.46475,
  "amountSuspiciousOperation": 9000,
  "rangeAmountTransaction": {
    "start": 0,
    "end": 109178.75
  },
  "perNewLinkTransact": 0.281,
  "currentIteration": 0,
  "idDatabase": 0,
  "totalIterations": 0,
  "totalNodes": 0,
  "totalEdges": 0
}
2021-08-29 23:49:12.810 INFO [Total de agentes creados [387]]
2021-08-29 23:49:13.875 INFO [Red creada con [2430] enalces]
2021-08-29 23:49:13.913 WARM [INICIO DÍA => 1 DE LA SIMULACIÓN => 2]
2021-08-29 23:49:13.918 INFO [Depósitos para el día 1 de la simulación 2]
2021-08-29 23:49:14.036 INFO [Transferencias para el día 1 de la simulación 2]
2021-08-29 23:49:14.106 INFO [Operaciones para el día 1 de la simulación 2]
2021-08-29 23:49:14.139 INFO [FIN DÍA => 1 DE LA SIMULACIÓN => 2]
2021-08-29 23:49:14.139 WARM [INICIO DÍA => 2 DE LA SIMULACIÓN => 2]
2021-08-29 23:49:14.141 INFO [Depósitos para el día 2 de la simulación 2]
2021-08-29 23:49:14.252 INFO [Transferencias para el día 2 de la simulación 2]
2021-08-29 23:49:14.317 INFO [Operaciones para el día 2 de la simulación 2]
2021-08-29 23:49:14.350 INFO [FIN DÍA => 2 DE LA SIMULACIÓN => 2]
2021-08-29 23:49:14.350 SILLY [605 transacciones de la simulación 2]
2021-08-29 23:49:14.429 DEBUG [================================================]
2021-08-29 23:49:14.429 DEBUG [Fin de 2 simulaciones]
2021-08-29 23:49:14.429 DEBUG [================================================]
