2021-08-28 04:25:22.006 DEBUG [INICIO DE ABM en AML]
2021-08-28 04:25:22.024 DEBUG [================================================]
2021-08-28 04:25:22.025 DEBUG [Inicio de 4 simulaciones]
2021-08-28 04:25:22.025 DEBUG [================================================]
2021-08-28 04:25:22.031 INFO [================================================]
2021-08-28 04:25:22.031 INFO [SIMULACIÓN => 1]
2021-08-28 04:25:22.032 INFO [================================================]
2021-08-28 04:25:22.076 INFO [ID Simulation [5]]
2021-08-28 04:25:22.076 INFO [Configuración global de la simulación [1]]
{
  "totalTimes": 10,
  "numPopIndivual": 422,
  "numPopIntermediary": 44,
  "numPopNoProfitBusiness": 75,
  "numPopProfitBusiness": 65,
  "numPopTrustBusiness": 129,
  "numPopShellBusiness": 31,
  "numPopHighPropensityFraud": 415,
  "perPopWatchList": 0.09975,
  "maxTimesWatchList": 23,
  "maxTimesCleanWatchList": 7,
  "maxPropensityFraud": 0.84825,
  "maxHighPropensityFraud": 0.9,
  "perLinkedIntermediary": 0.623,
  "numMaxLinkedNoIntermediary": 15.2875,
  "numMaxLinkedIndBusInter": 5.29,
  "perExecuteDeposit": 0.21375,
  "perExecuteTransfer": 0.615,
  "perExecuteWithdrawal": 0.22025,
  "amountSuspiciousOperation": 10000,
  "rangeAmountTransaction": {
    "start": 0,
    "end": 1523.75
  },
  "perNewLinkTransact": 0.177
}
2021-08-28 04:25:22.140 INFO [Total de agentes creados [766]]
2021-08-28 04:25:26.655 INFO [Red creada con [5073] enalces]
2021-08-28 04:25:26.667 INFO [Depósitos para el día 1 de la simulación 1]
2021-08-28 04:25:26.660 WARM [INICIO DÍA => 1 DE LA SIMULACIÓN => 4]
2021-08-28 04:25:27.116 INFO [Transferencias para el día 1 de la simulación 1]
2021-08-28 04:25:27.127 INFO [Operaciones para el día 1 de la simulación 1]
2021-08-28 04:25:27.132 INFO [FIN DÍA => 1 DE LA SIMULACIÓN => 4]
2021-08-28 04:25:27.132 WARM [INICIO DÍA => 2 DE LA SIMULACIÓN => 4]
2021-08-28 04:25:27.138 INFO [Depósitos para el día 2 de la simulación 1]
2021-08-28 04:25:27.556 INFO [Transferencias para el día 2 de la simulación 1]
2021-08-28 04:25:27.566 INFO [Operaciones para el día 2 de la simulación 1]
2021-08-28 04:25:27.572 INFO [FIN DÍA => 2 DE LA SIMULACIÓN => 4]
2021-08-28 04:25:27.572 WARM [INICIO DÍA => 3 DE LA SIMULACIÓN => 4]
2021-08-28 04:25:27.577 INFO [Depósitos para el día 3 de la simulación 1]
2021-08-28 04:25:27.959 INFO [Transferencias para el día 3 de la simulación 1]
2021-08-28 04:25:27.970 INFO [Operaciones para el día 3 de la simulación 1]
2021-08-28 04:25:27.975 WARM [INICIO DÍA => 4 DE LA SIMULACIÓN => 4]
2021-08-28 04:25:27.975 INFO [FIN DÍA => 3 DE LA SIMULACIÓN => 4]
2021-08-28 04:25:27.980 INFO [Depósitos para el día 4 de la simulación 1]
2021-08-28 04:25:28.380 INFO [Transferencias para el día 4 de la simulación 1]
2021-08-28 04:25:28.396 INFO [Operaciones para el día 4 de la simulación 1]
2021-08-28 04:25:28.401 INFO [FIN DÍA => 4 DE LA SIMULACIÓN => 4]
2021-08-28 04:25:28.401 WARM [INICIO DÍA => 5 DE LA SIMULACIÓN => 4]
2021-08-28 04:25:28.412 INFO [Depósitos para el día 5 de la simulación 1]
2021-08-28 04:25:28.808 INFO [Transferencias para el día 5 de la simulación 1]
2021-08-28 04:25:28.818 INFO [Operaciones para el día 5 de la simulación 1]
2021-08-28 04:25:28.824 INFO [FIN DÍA => 5 DE LA SIMULACIÓN => 4]
2021-08-28 04:25:28.824 WARM [INICIO DÍA => 6 DE LA SIMULACIÓN => 4]
2021-08-28 04:25:28.828 INFO [Depósitos para el día 6 de la simulación 1]
2021-08-28 04:25:29.190 INFO [Transferencias para el día 6 de la simulación 1]
2021-08-28 04:25:29.200 INFO [Operaciones para el día 6 de la simulación 1]
2021-08-28 04:25:29.206 INFO [FIN DÍA => 6 DE LA SIMULACIÓN => 4]
2021-08-28 04:25:29.206 WARM [INICIO DÍA => 7 DE LA SIMULACIÓN => 4]
2021-08-28 04:25:29.211 INFO [Depósitos para el día 7 de la simulación 1]
2021-08-28 04:25:29.546 INFO [Transferencias para el día 7 de la simulación 1]
2021-08-28 04:25:29.556 INFO [Operaciones para el día 7 de la simulación 1]
2021-08-28 04:25:29.561 INFO [FIN DÍA => 7 DE LA SIMULACIÓN => 4]
2021-08-28 04:25:29.561 WARM [INICIO DÍA => 8 DE LA SIMULACIÓN => 4]
2021-08-28 04:25:29.566 INFO [Depósitos para el día 8 de la simulación 1]
2021-08-28 04:25:29.901 INFO [Transferencias para el día 8 de la simulación 1]
2021-08-28 04:25:29.911 INFO [Operaciones para el día 8 de la simulación 1]
2021-08-28 04:25:29.916 INFO [FIN DÍA => 8 DE LA SIMULACIÓN => 4]
2021-08-28 04:25:29.916 WARM [INICIO DÍA => 9 DE LA SIMULACIÓN => 4]
2021-08-28 04:25:29.923 INFO [Depósitos para el día 9 de la simulación 1]
2021-08-28 04:25:30.276 INFO [Transferencias para el día 9 de la simulación 1]
2021-08-28 04:25:30.285 INFO [Operaciones para el día 9 de la simulación 1]
2021-08-28 04:25:30.291 INFO [FIN DÍA => 9 DE LA SIMULACIÓN => 4]
2021-08-28 04:25:30.291 WARM [INICIO DÍA => 10 DE LA SIMULACIÓN => 4]
2021-08-28 04:25:30.302 INFO [Depósitos para el día 10 de la simulación 1]
2021-08-28 04:25:30.697 INFO [Transferencias para el día 10 de la simulación 1]
2021-08-28 04:25:30.708 INFO [Operaciones para el día 10 de la simulación 1]
2021-08-28 04:25:30.713 INFO [FIN DÍA => 10 DE LA SIMULACIÓN => 4]
2021-08-28 04:25:30.713 SILLY [6952 de transacciones de la simulación 1]
2021-08-28 04:25:30.719 INFO [================================================]
2021-08-28 04:25:30.719 INFO [SIMULACIÓN => 2]
2021-08-28 04:25:30.719 INFO [================================================]
2021-08-28 04:25:30.723 INFO [ID Simulation [6]]
2021-08-28 04:25:30.723 INFO [Configuración global de la simulación [2]]
{
  "totalTimes": 10,
  "numPopIndivual": 850,
  "numPopIntermediary": 37,
  "numPopNoProfitBusiness": 50,
  "numPopProfitBusiness": 65,
  "numPopTrustBusiness": 35,
  "numPopShellBusiness": 25,
  "numPopHighPropensityFraud": 372,
  "perPopWatchList": 0.02625,
  "maxTimesWatchList": 24,
  "maxTimesCleanWatchList": 8,
  "maxPropensityFraud": 0.63375,
  "maxHighPropensityFraud": 0.83375,
  "perLinkedIntermediary": 0.413,
  "numMaxLinkedNoIntermediary": 10.1875,
  "numMaxLinkedIndBusInter": 2.39,
  "perExecuteDeposit": 0.22575,
  "perExecuteTransfer": 0.639,
  "perExecuteWithdrawal": 0.22775,
  "amountSuspiciousOperation": 10000,
  "rangeAmountTransaction": {
    "start": 0,
    "end": 4306.25
  },
  "perNewLinkTransact": 0.221
}
2021-08-28 04:25:30.784 INFO [Total de agentes creados [1062]]
2021-08-28 04:25:33.429 INFO [Red creada con [3659] enalces]
2021-08-28 04:25:33.435 WARM [INICIO DÍA => 1 DE LA SIMULACIÓN => 4]
2021-08-28 04:25:33.442 INFO [Depósitos para el día 1 de la simulación 2]
2021-08-28 04:25:34.220 INFO [Transferencias para el día 1 de la simulación 2]
2021-08-28 04:25:34.231 INFO [Operaciones para el día 1 de la simulación 2]
2021-08-28 04:25:34.237 INFO [FIN DÍA => 1 DE LA SIMULACIÓN => 4]
2021-08-28 04:25:34.237 WARM [INICIO DÍA => 2 DE LA SIMULACIÓN => 4]
2021-08-28 04:25:34.242 INFO [Depósitos para el día 2 de la simulación 2]
2021-08-28 04:25:34.891 INFO [Transferencias para el día 2 de la simulación 2]
2021-08-28 04:25:34.908 INFO [Operaciones para el día 2 de la simulación 2]
2021-08-28 04:25:34.913 WARM [INICIO DÍA => 3 DE LA SIMULACIÓN => 4]
2021-08-28 04:25:34.913 INFO [FIN DÍA => 2 DE LA SIMULACIÓN => 4]
2021-08-28 04:25:34.919 INFO [Depósitos para el día 3 de la simulación 2]
2021-08-28 04:25:35.470 INFO [Transferencias para el día 3 de la simulación 2]
2021-08-28 04:25:35.486 INFO [Operaciones para el día 3 de la simulación 2]
2021-08-28 04:25:35.491 INFO [FIN DÍA => 3 DE LA SIMULACIÓN => 4]
2021-08-28 04:25:35.491 WARM [INICIO DÍA => 4 DE LA SIMULACIÓN => 4]
2021-08-28 04:25:35.497 INFO [Depósitos para el día 4 de la simulación 2]
2021-08-28 04:25:36.064 INFO [Transferencias para el día 4 de la simulación 2]
2021-08-28 04:25:36.075 INFO [Operaciones para el día 4 de la simulación 2]
2021-08-28 04:25:36.080 INFO [FIN DÍA => 4 DE LA SIMULACIÓN => 4]
2021-08-28 04:25:36.080 WARM [INICIO DÍA => 5 DE LA SIMULACIÓN => 4]
2021-08-28 04:25:36.086 INFO [Depósitos para el día 5 de la simulación 2]
2021-08-28 04:25:36.635 INFO [Transferencias para el día 5 de la simulación 2]
2021-08-28 04:25:36.646 INFO [Operaciones para el día 5 de la simulación 2]
2021-08-28 04:25:36.651 INFO [FIN DÍA => 5 DE LA SIMULACIÓN => 4]
2021-08-28 04:25:36.651 WARM [INICIO DÍA => 6 DE LA SIMULACIÓN => 4]
2021-08-28 04:25:36.657 INFO [Depósitos para el día 6 de la simulación 2]
2021-08-28 04:25:37.247 INFO [Transferencias para el día 6 de la simulación 2]
2021-08-28 04:25:37.259 INFO [Operaciones para el día 6 de la simulación 2]
2021-08-28 04:25:37.264 INFO [FIN DÍA => 6 DE LA SIMULACIÓN => 4]
2021-08-28 04:25:37.264 WARM [INICIO DÍA => 7 DE LA SIMULACIÓN => 4]
2021-08-28 04:25:37.270 INFO [Depósitos para el día 7 de la simulación 2]
2021-08-28 04:25:37.825 INFO [Transferencias para el día 7 de la simulación 2]
2021-08-28 04:25:37.840 INFO [Operaciones para el día 7 de la simulación 2]
2021-08-28 04:25:37.845 INFO [FIN DÍA => 7 DE LA SIMULACIÓN => 4]
2021-08-28 04:25:37.845 WARM [INICIO DÍA => 8 DE LA SIMULACIÓN => 4]
2021-08-28 04:25:37.851 INFO [Depósitos para el día 8 de la simulación 2]
2021-08-28 04:25:38.413 INFO [Transferencias para el día 8 de la simulación 2]
2021-08-28 04:25:38.425 INFO [Operaciones para el día 8 de la simulación 2]
2021-08-28 04:25:38.431 INFO [FIN DÍA => 8 DE LA SIMULACIÓN => 4]
2021-08-28 04:25:38.431 WARM [INICIO DÍA => 9 DE LA SIMULACIÓN => 4]
2021-08-28 04:25:38.437 INFO [Depósitos para el día 9 de la simulación 2]
2021-08-28 04:25:39.134 INFO [Transferencias para el día 9 de la simulación 2]
2021-08-28 04:25:39.144 INFO [Operaciones para el día 9 de la simulación 2]
2021-08-28 04:25:39.149 INFO [FIN DÍA => 9 DE LA SIMULACIÓN => 4]
2021-08-28 04:25:39.149 WARM [INICIO DÍA => 10 DE LA SIMULACIÓN => 4]
2021-08-28 04:25:39.155 INFO [Depósitos para el día 10 de la simulación 2]
2021-08-28 04:25:39.700 INFO [Transferencias para el día 10 de la simulación 2]
2021-08-28 04:25:39.711 INFO [Operaciones para el día 10 de la simulación 2]
2021-08-28 04:25:39.717 INFO [FIN DÍA => 10 DE LA SIMULACIÓN => 4]
2021-08-28 04:25:39.717 SILLY [9472 de transacciones de la simulación 2]
2021-08-28 04:25:39.722 INFO [================================================]
2021-08-28 04:25:39.722 INFO [SIMULACIÓN => 3]
2021-08-28 04:25:39.722 INFO [================================================]
2021-08-28 04:25:39.726 INFO [ID Simulation [7]]
2021-08-28 04:25:39.726 INFO [Configuración global de la simulación [3]]
{
  "totalTimes": 10,
  "numPopIndivual": 779,
  "numPopIntermediary": 71,
  "numPopNoProfitBusiness": 35,
  "numPopProfitBusiness": 18,
  "numPopTrustBusiness": 47,
  "numPopShellBusiness": 32,
  "numPopHighPropensityFraud": 585,
  "perPopWatchList": 0.21075,
  "maxTimesWatchList": 24,
  "maxTimesCleanWatchList": 9,
  "maxPropensityFraud": 0.80025,
  "maxHighPropensityFraud": 0.9,
  "perLinkedIntermediary": 0.555,
  "numMaxLinkedNoIntermediary": 2.7625,
  "numMaxLinkedIndBusInter": 4.25,
  "perExecuteDeposit": 0.06825,
  "perExecuteTransfer": 0.679,
  "perExecuteWithdrawal": 0.39875,
  "amountSuspiciousOperation": 10000,
  "rangeAmountTransaction": {
    "start": 0,
    "end": 10081.25
  },
  "perNewLinkTransact": 0.375
}
2021-08-28 04:25:39.781 INFO [Total de agentes creados [982]]
2021-08-28 04:25:44.023 INFO [Red creada con [4881] enalces]
2021-08-28 04:25:44.030 WARM [INICIO DÍA => 1 DE LA SIMULACIÓN => 4]
2021-08-28 04:25:44.034 INFO [Depósitos para el día 1 de la simulación 3]
2021-08-28 04:25:44.918 INFO [Transferencias para el día 1 de la simulación 3]
2021-08-28 04:25:44.939 INFO [Operaciones para el día 1 de la simulación 3]
2021-08-28 04:25:44.944 INFO [FIN DÍA => 1 DE LA SIMULACIÓN => 4]
2021-08-28 04:25:44.944 WARM [INICIO DÍA => 2 DE LA SIMULACIÓN => 4]
2021-08-28 04:25:44.947 INFO [Depósitos para el día 2 de la simulación 3]
2021-08-28 04:25:45.584 INFO [Transferencias para el día 2 de la simulación 3]
2021-08-28 04:25:45.602 INFO [Operaciones para el día 2 de la simulación 3]
2021-08-28 04:25:45.607 INFO [FIN DÍA => 2 DE LA SIMULACIÓN => 4]
2021-08-28 04:25:45.607 WARM [INICIO DÍA => 3 DE LA SIMULACIÓN => 4]
2021-08-28 04:25:45.610 INFO [Depósitos para el día 3 de la simulación 3]
2021-08-28 04:25:46.162 INFO [Transferencias para el día 3 de la simulación 3]
2021-08-28 04:25:46.181 INFO [Operaciones para el día 3 de la simulación 3]
2021-08-28 04:25:46.186 INFO [FIN DÍA => 3 DE LA SIMULACIÓN => 4]
2021-08-28 04:25:46.186 WARM [INICIO DÍA => 4 DE LA SIMULACIÓN => 4]
2021-08-28 04:25:46.189 INFO [Depósitos para el día 4 de la simulación 3]
2021-08-28 04:25:46.747 INFO [Transferencias para el día 4 de la simulación 3]
2021-08-28 04:25:46.766 INFO [Operaciones para el día 4 de la simulación 3]
2021-08-28 04:25:46.771 INFO [FIN DÍA => 4 DE LA SIMULACIÓN => 4]
2021-08-28 04:25:46.772 WARM [INICIO DÍA => 5 DE LA SIMULACIÓN => 4]
2021-08-28 04:25:46.775 INFO [Depósitos para el día 5 de la simulación 3]
2021-08-28 04:25:47.277 INFO [Transferencias para el día 5 de la simulación 3]
2021-08-28 04:25:47.295 INFO [Operaciones para el día 5 de la simulación 3]
2021-08-28 04:25:47.300 INFO [FIN DÍA => 5 DE LA SIMULACIÓN => 4]
2021-08-28 04:25:47.300 WARM [INICIO DÍA => 6 DE LA SIMULACIÓN => 4]
2021-08-28 04:25:47.304 INFO [Depósitos para el día 6 de la simulación 3]
2021-08-28 04:25:47.831 INFO [Transferencias para el día 6 de la simulación 3]
2021-08-28 04:25:47.853 INFO [Operaciones para el día 6 de la simulación 3]
2021-08-28 04:25:47.858 INFO [FIN DÍA => 6 DE LA SIMULACIÓN => 4]
2021-08-28 04:25:47.858 WARM [INICIO DÍA => 7 DE LA SIMULACIÓN => 4]
2021-08-28 04:25:47.862 INFO [Depósitos para el día 7 de la simulación 3]
2021-08-28 04:25:48.375 INFO [Transferencias para el día 7 de la simulación 3]
2021-08-28 04:25:48.395 INFO [Operaciones para el día 7 de la simulación 3]
2021-08-28 04:25:48.400 INFO [FIN DÍA => 7 DE LA SIMULACIÓN => 4]
2021-08-28 04:25:48.401 WARM [INICIO DÍA => 8 DE LA SIMULACIÓN => 4]
2021-08-28 04:25:48.404 INFO [Depósitos para el día 8 de la simulación 3]
2021-08-28 04:25:48.837 INFO [Transferencias para el día 8 de la simulación 3]
2021-08-28 04:25:48.854 INFO [Operaciones para el día 8 de la simulación 3]
2021-08-28 04:25:48.859 INFO [FIN DÍA => 8 DE LA SIMULACIÓN => 4]
2021-08-28 04:25:48.860 WARM [INICIO DÍA => 9 DE LA SIMULACIÓN => 4]
2021-08-28 04:25:48.863 INFO [Depósitos para el día 9 de la simulación 3]
2021-08-28 04:25:49.251 INFO [Transferencias para el día 9 de la simulación 3]
2021-08-28 04:25:49.266 INFO [Operaciones para el día 9 de la simulación 3]
2021-08-28 04:25:49.272 INFO [FIN DÍA => 9 DE LA SIMULACIÓN => 4]
2021-08-28 04:25:49.273 WARM [INICIO DÍA => 10 DE LA SIMULACIÓN => 4]
2021-08-28 04:25:49.280 INFO [Depósitos para el día 10 de la simulación 3]
2021-08-28 04:25:49.655 INFO [Transferencias para el día 10 de la simulación 3]
2021-08-28 04:25:49.671 INFO [Operaciones para el día 10 de la simulación 3]
2021-08-28 04:25:49.676 INFO [FIN DÍA => 10 DE LA SIMULACIÓN => 4]
2021-08-28 04:25:49.676 SILLY [6936 de transacciones de la simulación 3]
2021-08-28 04:25:49.682 INFO [================================================]
2021-08-28 04:25:49.682 INFO [SIMULACIÓN => 4]
2021-08-28 04:25:49.682 INFO [================================================]
2021-08-28 04:25:49.685 INFO [ID Simulation [8]]
2021-08-28 04:25:49.685 INFO [Configuración global de la simulación [4]]
{
  "totalTimes": 10,
  "numPopIndivual": 609,
  "numPopIntermediary": 35,
  "numPopNoProfitBusiness": 113,
  "numPopProfitBusiness": 84,
  "numPopTrustBusiness": 21,
  "numPopShellBusiness": 74,
  "numPopHighPropensityFraud": 91,
  "perPopWatchList": 0.15075,
  "maxTimesWatchList": 17,
  "maxTimesCleanWatchList": 9,
  "maxPropensityFraud": 0.60225,
  "maxHighPropensityFraud": 0.80225,
  "perLinkedIntermediary": 0.779,
  "numMaxLinkedNoIntermediary": 2.6125,
  "numMaxLinkedIndBusInter": 2.53,
  "perExecuteDeposit": 0.14925,
  "perExecuteTransfer": 0.621,
  "perExecuteWithdrawal": 0.20825,
  "amountSuspiciousOperation": 10000,
  "rangeAmountTransaction": {
    "start": 0,
    "end": 7613.75
  },
  "perNewLinkTransact": 0.245
}
2021-08-28 04:25:49.748 INFO [Total de agentes creados [936]]
2021-08-28 04:25:50.663 INFO [Red creada con [1989] enalces]
2021-08-28 04:25:50.672 WARM [INICIO DÍA => 1 DE LA SIMULACIÓN => 4]
2021-08-28 04:25:50.676 INFO [Depósitos para el día 1 de la simulación 4]
2021-08-28 04:25:50.874 INFO [Transferencias para el día 1 de la simulación 4]
2021-08-28 04:25:50.888 INFO [Operaciones para el día 1 de la simulación 4]
2021-08-28 04:25:50.893 INFO [FIN DÍA => 1 DE LA SIMULACIÓN => 4]
2021-08-28 04:25:50.894 WARM [INICIO DÍA => 2 DE LA SIMULACIÓN => 4]
2021-08-28 04:25:50.897 INFO [Depósitos para el día 2 de la simulación 4]
2021-08-28 04:25:51.021 INFO [Transferencias para el día 2 de la simulación 4]
2021-08-28 04:25:51.033 INFO [Operaciones para el día 2 de la simulación 4]
2021-08-28 04:25:51.038 INFO [FIN DÍA => 2 DE LA SIMULACIÓN => 4]
2021-08-28 04:25:51.039 WARM [INICIO DÍA => 3 DE LA SIMULACIÓN => 4]
2021-08-28 04:25:51.043 INFO [Depósitos para el día 3 de la simulación 4]
2021-08-28 04:25:51.158 INFO [Transferencias para el día 3 de la simulación 4]
2021-08-28 04:25:51.170 INFO [Operaciones para el día 3 de la simulación 4]
2021-08-28 04:25:51.175 INFO [FIN DÍA => 3 DE LA SIMULACIÓN => 4]
2021-08-28 04:25:51.175 WARM [INICIO DÍA => 4 DE LA SIMULACIÓN => 4]
2021-08-28 04:25:51.179 INFO [Depósitos para el día 4 de la simulación 4]
2021-08-28 04:25:51.291 INFO [Transferencias para el día 4 de la simulación 4]
2021-08-28 04:25:51.303 INFO [Operaciones para el día 4 de la simulación 4]
2021-08-28 04:25:51.308 WARM [INICIO DÍA => 5 DE LA SIMULACIÓN => 4]
2021-08-28 04:25:51.308 INFO [FIN DÍA => 4 DE LA SIMULACIÓN => 4]
2021-08-28 04:25:51.313 INFO [Depósitos para el día 5 de la simulación 4]
2021-08-28 04:25:51.412 INFO [Transferencias para el día 5 de la simulación 4]
2021-08-28 04:25:51.422 INFO [Operaciones para el día 5 de la simulación 4]
2021-08-28 04:25:51.428 INFO [FIN DÍA => 5 DE LA SIMULACIÓN => 4]
2021-08-28 04:25:51.428 WARM [INICIO DÍA => 6 DE LA SIMULACIÓN => 4]
2021-08-28 04:25:51.431 INFO [Depósitos para el día 6 de la simulación 4]
2021-08-28 04:25:51.548 INFO [Transferencias para el día 6 de la simulación 4]
2021-08-28 04:25:51.556 INFO [Operaciones para el día 6 de la simulación 4]
2021-08-28 04:25:51.562 INFO [FIN DÍA => 6 DE LA SIMULACIÓN => 4]
2021-08-28 04:25:51.562 WARM [INICIO DÍA => 7 DE LA SIMULACIÓN => 4]
2021-08-28 04:25:51.565 INFO [Depósitos para el día 7 de la simulación 4]
2021-08-28 04:25:51.670 INFO [Transferencias para el día 7 de la simulación 4]
2021-08-28 04:25:51.684 INFO [Operaciones para el día 7 de la simulación 4]
2021-08-28 04:25:51.689 INFO [FIN DÍA => 7 DE LA SIMULACIÓN => 4]
2021-08-28 04:25:51.689 WARM [INICIO DÍA => 8 DE LA SIMULACIÓN => 4]
2021-08-28 04:25:51.693 INFO [Depósitos para el día 8 de la simulación 4]
2021-08-28 04:25:51.806 INFO [Transferencias para el día 8 de la simulación 4]
2021-08-28 04:25:51.817 INFO [Operaciones para el día 8 de la simulación 4]
2021-08-28 04:25:51.822 INFO [FIN DÍA => 8 DE LA SIMULACIÓN => 4]
2021-08-28 04:25:51.822 WARM [INICIO DÍA => 9 DE LA SIMULACIÓN => 4]
2021-08-28 04:25:51.827 INFO [Depósitos para el día 9 de la simulación 4]
2021-08-28 04:25:51.931 INFO [Transferencias para el día 9 de la simulación 4]
2021-08-28 04:25:51.943 INFO [Operaciones para el día 9 de la simulación 4]
2021-08-28 04:25:51.948 INFO [FIN DÍA => 9 DE LA SIMULACIÓN => 4]
2021-08-28 04:25:51.948 WARM [INICIO DÍA => 10 DE LA SIMULACIÓN => 4]
2021-08-28 04:25:51.952 INFO [Depósitos para el día 10 de la simulación 4]
2021-08-28 04:25:52.069 INFO [Transferencias para el día 10 de la simulación 4]
2021-08-28 04:25:52.082 INFO [Operaciones para el día 10 de la simulación 4]
2021-08-28 04:25:52.088 SILLY [7279 de transacciones de la simulación 4]
2021-08-28 04:25:52.088 INFO [FIN DÍA => 10 DE LA SIMULACIÓN => 4]
2021-08-28 04:25:52.093 DEBUG [================================================]
2021-08-28 04:25:52.093 DEBUG [Fin de 4 simulaciones]
2021-08-28 04:25:52.093 DEBUG [================================================]
