
2021-08-27 21:38:45.170 INFO [prueba..17]
2021-08-27 21:38:45.350 INFO [prueba..18]
2021-08-27 21:39:52.723 INFO [=======================]
2021-08-27 21:39:52.724 INFO [Inicio de la simulación]
2021-08-27 21:39:52.725 INFO [=======================]
2021-08-27 21:39:52.725 INFO [Configuración global: [object Object]]
2021-08-27 21:39:52.727 INFO [Configuración global: [object Object]]
2021-08-27 21:39:53.102 FATAL [The value of "max" is out of range. It must be greater than the value of "min" (0). Received -1]
RangeError [ERR_OUT_OF_RANGE]: The value of "max" is out of range. It must be greater than the value of "min" (0). Received -1
    at Object.randomInt (internal/crypto/random.js:153:11)
    at Function.__webpack_modules__../src/app/abm/odd/UtilityRandom.ts.UtilityRandom.randomRange (http://localhost:9000/renderer.js:68980:37)
    at Function.Host.createIntermediaries (http://localhost:9000/renderer.js:67501:49)
    at Network.createAgents (http://localhost:9000/renderer.js:67603:21)
    at Function.<anonymous> (http://localhost:9000/renderer.js:69344:33)
    at step (http://localhost:9000/renderer.js:69299:23)
    at Object.next (http://localhost:9000/renderer.js:69280:53)
    at fulfilled (http://localhost:9000/renderer.js:69271:58)
2021-08-27 21:40:49.038 INFO [=======================]
2021-08-27 21:40:49.039 INFO [Inicio de la simulación]
2021-08-27 21:40:49.039 INFO [=======================]
2021-08-27 21:40:49.040 INFO [Configuración global: [object Object]]
2021-08-27 21:40:49.041 INFO [Configuración global: [object Object]]
2021-08-27 21:40:49.423 FATAL [The value of "max" is out of range. It must be greater than the value of "min" (0). Received -1]
RangeError [ERR_OUT_OF_RANGE]: The value of "max" is out of range. It must be greater than the value of "min" (0). Received -1
    at Object.randomInt (internal/crypto/random.js:153:11)
    at Function.__webpack_modules__../src/app/abm/odd/UtilityRandom.ts.UtilityRandom.randomRange (http://localhost:9000/renderer.js:68980:37)
    at Function.Host.createIntermediaries (http://localhost:9000/renderer.js:67501:49)
    at Network.createAgents (http://localhost:9000/renderer.js:67603:21)
    at Function.<anonymous> (http://localhost:9000/renderer.js:69344:33)
    at step (http://localhost:9000/renderer.js:69299:23)
    at Object.next (http://localhost:9000/renderer.js:69280:53)
    at fulfilled (http://localhost:9000/renderer.js:69271:58)
2021-08-27 21:51:58.852 INFO [=======================]
2021-08-27 21:51:58.853 INFO [Inicio de la simulación]
2021-08-27 21:51:58.854 INFO [=======================]
2021-08-27 21:51:58.854 INFO [Configuración global: ]
{
  "totalIteration": 1
}
2021-08-27 21:51:58.855 INFO [Configuración global: ]
{
  "totalIteration": 1
}
2021-08-27 21:51:59.248 FATAL [The value of "max" is out of range. It must be greater than the value of "min" (0). Received -1]
RangeError [ERR_OUT_OF_RANGE]: The value of "max" is out of range. It must be greater than the value of "min" (0). Received -1
    at Object.randomInt (internal/crypto/random.js:153:11)
    at Function.__webpack_modules__../src/app/abm/odd/UtilityRandom.ts.UtilityRandom.randomRange (http://localhost:9000/renderer.js:68981:37)
    at Function.Host.createIntermediaries (http://localhost:9000/renderer.js:67501:49)
    at Network.createAgents (http://localhost:9000/renderer.js:67603:21)
    at Function.<anonymous> (http://localhost:9000/renderer.js:69345:33)
    at step (http://localhost:9000/renderer.js:69300:23)
    at Object.next (http://localhost:9000/renderer.js:69281:53)
    at fulfilled (http://localhost:9000/renderer.js:69272:58)
2021-08-27 21:54:27.261 INFO [=======================]
2021-08-27 21:54:27.263 INFO [Inicio de la simulación]
2021-08-27 21:54:27.263 INFO [=======================]
2021-08-27 21:54:27.264 INFO [Configuración global: ]
{
  "totalIteration": 1
}
2021-08-27 21:54:27.265 INFO [Configuración global: ]
{
  "totalTimes": 1,
  "numPopIndivual": 2685,
  "numPopIntermediary": 2685,
  "numPopNoProfitBusiness": 2685,
  "numPopProfitBusiness": 2685,
  "numPopTrustBusiness": 2685,
  "numPopShellBusiness": 2685,
  "numPopHighPropensityFraud": 1730,
  "perPopWatchList": 0,
  "maxTimesWatchList": 23,
  "maxTimesCleanWatchList": 8,
  "maxPropensityFraud": 0.81375,
  "maxHighPropensityFraud": 0.9,
  "perLinkedIntermediary": 0.741,
  "numMaxLinkedNoIntermediary": 14.6875,
  "numMaxLinkedIndBusInter": 4.01,
  "perExecuteDeposit": 0.19875,
  "perExecuteTransfer": 0.337,
  "perExecuteWithdrawal": 0.31925,
  "amountSuspiciousOperation": 10000,
  "rangeAmountTransaction": {
    "start": 0,
    "end": 10133.75
  },
  "perNewLinkTransact": 0.063
}
2021-08-27 21:54:27.646 FATAL [The value of "max" is out of range. It must be greater than the value of "min" (0). Received -1]
RangeError [ERR_OUT_OF_RANGE]: The value of "max" is out of range. It must be greater than the value of "min" (0). Received -1
    at Object.randomInt (internal/crypto/random.js:153:11)
    at Function.__webpack_modules__../src/app/abm/odd/UtilityRandom.ts.UtilityRandom.randomRange (http://localhost:9000/renderer.js:68981:37)
    at Function.Host.createIntermediaries (http://localhost:9000/renderer.js:67501:49)
    at Network.createAgents (http://localhost:9000/renderer.js:67603:21)
    at Function.<anonymous> (http://localhost:9000/renderer.js:69345:33)
    at step (http://localhost:9000/renderer.js:69300:23)
    at Object.next (http://localhost:9000/renderer.js:69281:53)
    at fulfilled (http://localhost:9000/renderer.js:69272:58)
2021-08-27 22:09:12.248 INFO [=======================]
2021-08-27 22:09:12.250 INFO [Inicio de la simulación]
2021-08-27 22:09:12.250 INFO [=======================]
2021-08-27 22:09:12.251 INFO [Configuración global: ]
{
  "totalIteration": 1
}
2021-08-27 22:09:12.625 FATAL [The value of "max" is out of range. It must be greater than the value of "min" (0). Received -1]
RangeError [ERR_OUT_OF_RANGE]: The value of "max" is out of range. It must be greater than the value of "min" (0). Received -1
    at Object.randomInt (internal/crypto/random.js:153:11)
    at Function.__webpack_modules__../src/app/abm/odd/UtilityRandom.ts.UtilityRandom.randomRange (http://localhost:9000/renderer.js:69010:37)
    at Function.Host.createIntermediaries (http://localhost:9000/renderer.js:67501:49)
    at Network.createAgents (http://localhost:9000/renderer.js:67603:21)
    at Function.<anonymous> (http://localhost:9000/renderer.js:69374:33)
    at step (http://localhost:9000/renderer.js:69329:23)
    at Object.next (http://localhost:9000/renderer.js:69310:53)
    at fulfilled (http://localhost:9000/renderer.js:69301:58)
2021-08-27 22:09:12.252 INFO [Configuración global: ]
{
  "totalTimes": 1,
  "numPopIndivual": 2685,
  "numPopIntermediary": 2685,
  "numPopNoProfitBusiness": 2685,
  "numPopProfitBusiness": 2685,
  "numPopTrustBusiness": 2685,
  "numPopShellBusiness": 2685,
  "numPopHighPropensityFraud": 1730,
  "perPopWatchList": 0,
  "maxTimesWatchList": 23,
  "maxTimesCleanWatchList": 8,
  "maxPropensityFraud": 0.81375,
  "maxHighPropensityFraud": 0.9,
  "perLinkedIntermediary": 0.741,
  "numMaxLinkedNoIntermediary": 14.6875,
  "numMaxLinkedIndBusInter": 4.01,
  "perExecuteDeposit": 0.19875,
  "perExecuteTransfer": 0.337,
  "perExecuteWithdrawal": 0.31925,
  "amountSuspiciousOperation": 10000,
  "rangeAmountTransaction": {
    "start": 0,
    "end": 10133.75
  },
  "perNewLinkTransact": 0.063
}
2021-08-27 22:09:45.866 INFO [=======================]
2021-08-27 22:09:45.867 INFO [Inicio de la simulación]
2021-08-27 22:09:45.867 INFO [=======================]
2021-08-27 22:09:45.868 INFO [Configuración global: ]
{
  "totalIteration": 1
}
2021-08-27 22:09:45.868 INFO [Configuración global: ]
{
  "totalTimes": 1,
  "numPopIndivual": 2685,
  "numPopIntermediary": 2685,
  "numPopNoProfitBusiness": 2685,
  "numPopProfitBusiness": 2685,
  "numPopTrustBusiness": 2685,
  "numPopShellBusiness": 2685,
  "numPopHighPropensityFraud": 1730,
  "perPopWatchList": 0,
  "maxTimesWatchList": 23,
  "maxTimesCleanWatchList": 8,
  "maxPropensityFraud": 0.81375,
  "maxHighPropensityFraud": 0.9,
  "perLinkedIntermediary": 0.741,
  "numMaxLinkedNoIntermediary": 14.6875,
  "numMaxLinkedIndBusInter": 4.01,
  "perExecuteDeposit": 0.19875,
  "perExecuteTransfer": 0.337,
  "perExecuteWithdrawal": 0.31925,
  "amountSuspiciousOperation": 10000,
  "rangeAmountTransaction": {
    "start": 0,
    "end": 10133.75
  },
  "perNewLinkTransact": 0.063
}
2021-08-27 22:09:46.241 FATAL [The value of "max" is out of range. It must be greater than the value of "min" (0). Received -1]
RangeError [ERR_OUT_OF_RANGE]: The value of "max" is out of range. It must be greater than the value of "min" (0). Received -1
    at Object.randomInt (internal/crypto/random.js:153:11)
    at Function.__webpack_modules__../src/app/abm/odd/UtilityRandom.ts.UtilityRandom.randomRange (http://localhost:9000/renderer.js:69010:37)
    at Function.Host.createIntermediaries (http://localhost:9000/renderer.js:67501:49)
    at Network.createAgents (http://localhost:9000/renderer.js:67603:21)
    at Function.<anonymous> (http://localhost:9000/renderer.js:69374:33)
    at step (http://localhost:9000/renderer.js:69329:23)
    at Object.next (http://localhost:9000/renderer.js:69310:53)
    at fulfilled (http://localhost:9000/renderer.js:69301:58)
2021-08-27 22:50:39.805 INFO [=======================]
2021-08-27 22:50:39.806 INFO [Inicio de la simulación]
2021-08-27 22:50:39.807 INFO [=======================]
2021-08-27 22:50:39.808 INFO [Configuración global: ]
{
  "totalIteration": 1
}
2021-08-27 22:50:39.809 INFO [Configuración global: ]
{
  "totalTimes": 1,
  "numPopIndivual": 2685,
  "numPopIntermediary": 2685,
  "numPopNoProfitBusiness": 2685,
  "numPopProfitBusiness": 2685,
  "numPopTrustBusiness": 2685,
  "numPopShellBusiness": 2685,
  "numPopHighPropensityFraud": 1730,
  "perPopWatchList": 0,
  "maxTimesWatchList": 23,
  "maxTimesCleanWatchList": 8,
  "maxPropensityFraud": 0.81375,
  "maxHighPropensityFraud": 0.9,
  "perLinkedIntermediary": 0.741,
  "numMaxLinkedNoIntermediary": 14.6875,
  "numMaxLinkedIndBusInter": 4.01,
  "perExecuteDeposit": 0.19875,
  "perExecuteTransfer": 0.337,
  "perExecuteWithdrawal": 0.31925,
  "amountSuspiciousOperation": 10000,
  "rangeAmountTransaction": {
    "start": 0,
    "end": 10133.75
  },
  "perNewLinkTransact": 0.063
}
2021-08-27 22:50:39.952 FATAL [The value of "max" is out of range. It must be greater than the value of "min" (0). Received -1]
RangeError [ERR_OUT_OF_RANGE]: The value of "max" is out of range. It must be greater than the value of "min" (0). Received -1
    at Object.randomInt (internal/crypto/random.js:153:11)
    at Function.__webpack_modules__../src/app/abm/odd/UtilityRandom.ts.UtilityRandom.randomRange (http://localhost:9000/renderer.js:69010:37)
    at Function.Host.createIntermediaries (http://localhost:9000/renderer.js:67501:49)
    at Network.createAgents (http://localhost:9000/renderer.js:67603:21)
    at Function.<anonymous> (http://localhost:9000/renderer.js:69374:33)
    at step (http://localhost:9000/renderer.js:69329:23)
    at Object.next (http://localhost:9000/renderer.js:69310:53)
    at fulfilled (http://localhost:9000/renderer.js:69301:58)
2021-08-27 22:50:46.567 INFO [=======================]
2021-08-27 22:50:46.567 INFO [Inicio de la simulación]
2021-08-27 22:50:46.568 INFO [=======================]
2021-08-27 22:50:46.569 INFO [Configuración global: ]
{
  "totalIteration": 1
}
2021-08-27 22:50:46.569 INFO [Configuración global: ]
{
  "totalTimes": 1,
  "numPopIndivual": 2685,
  "numPopIntermediary": 2685,
  "numPopNoProfitBusiness": 2685,
  "numPopProfitBusiness": 2685,
  "numPopTrustBusiness": 2685,
  "numPopShellBusiness": 2685,
  "numPopHighPropensityFraud": 1730,
  "perPopWatchList": 0,
  "maxTimesWatchList": 23,
  "maxTimesCleanWatchList": 8,
  "maxPropensityFraud": 0.81375,
  "maxHighPropensityFraud": 0.9,
  "perLinkedIntermediary": 0.741,
  "numMaxLinkedNoIntermediary": 14.6875,
  "numMaxLinkedIndBusInter": 4.01,
  "perExecuteDeposit": 0.19875,
  "perExecuteTransfer": 0.337,
  "perExecuteWithdrawal": 0.31925,
  "amountSuspiciousOperation": 10000,
  "rangeAmountTransaction": {
    "start": 0,
    "end": 10133.75
  },
  "perNewLinkTransact": 0.063
}
2021-08-27 22:50:46.703 FATAL [The value of "max" is out of range. It must be greater than the value of "min" (0). Received -1]
RangeError [ERR_OUT_OF_RANGE]: The value of "max" is out of range. It must be greater than the value of "min" (0). Received -1
    at Object.randomInt (internal/crypto/random.js:153:11)
    at Function.__webpack_modules__../src/app/abm/odd/UtilityRandom.ts.UtilityRandom.randomRange (http://localhost:9000/renderer.js:69010:37)
    at Function.Host.createIntermediaries (http://localhost:9000/renderer.js:67501:49)
    at Network.createAgents (http://localhost:9000/renderer.js:67603:21)
    at Function.<anonymous> (http://localhost:9000/renderer.js:69374:33)
    at step (http://localhost:9000/renderer.js:69329:23)
    at Object.next (http://localhost:9000/renderer.js:69310:53)
    at fulfilled (http://localhost:9000/renderer.js:69301:58)
2021-08-27 22:51:48.212 INFO [=======================]
2021-08-27 22:51:48.212 INFO [Inicio de la simulación]
2021-08-27 22:51:48.212 INFO [=======================]
2021-08-27 22:51:48.212 INFO [Configuración global: ]
{
  "totalIteration": 1
}
2021-08-27 22:51:48.213 INFO [Configuración global: ]
{
  "totalTimes": 1,
  "numPopIndivual": 2685,
  "numPopIntermediary": 2685,
  "numPopNoProfitBusiness": 2685,
  "numPopProfitBusiness": 2685,
  "numPopTrustBusiness": 2685,
  "numPopShellBusiness": 2685,
  "numPopHighPropensityFraud": 1730,
  "perPopWatchList": 0,
  "maxTimesWatchList": 23,
  "maxTimesCleanWatchList": 8,
  "maxPropensityFraud": 0.81375,
  "maxHighPropensityFraud": 0.9,
  "perLinkedIntermediary": 0.741,
  "numMaxLinkedNoIntermediary": 14.6875,
  "numMaxLinkedIndBusInter": 4.01,
  "perExecuteDeposit": 0.19875,
  "perExecuteTransfer": 0.337,
  "perExecuteWithdrawal": 0.31925,
  "amountSuspiciousOperation": 10000,
  "rangeAmountTransaction": {
    "start": 0,
    "end": 10133.75
  },
  "perNewLinkTransact": 0.063
}
2021-08-27 22:51:48.340 FATAL [The value of "max" is out of range. It must be greater than the value of "min" (0). Received -1]
RangeError [ERR_OUT_OF_RANGE]: The value of "max" is out of range. It must be greater than the value of "min" (0). Received -1
    at Object.randomInt (internal/crypto/random.js:153:11)
    at Function.__webpack_modules__../src/app/abm/odd/UtilityRandom.ts.UtilityRandom.randomRange (http://localhost:9000/renderer.js:69010:37)
    at Function.Host.createIntermediaries (http://localhost:9000/renderer.js:67501:49)
    at Network.createAgents (http://localhost:9000/renderer.js:67603:21)
    at Function.<anonymous> (http://localhost:9000/renderer.js:69374:33)
    at step (http://localhost:9000/renderer.js:69329:23)
    at Object.next (http://localhost:9000/renderer.js:69310:53)
    at fulfilled (http://localhost:9000/renderer.js:69301:58)
2021-08-27 22:55:37.895 INFO [=======================]
2021-08-27 22:55:37.896 INFO [Inicio de la simulación]
2021-08-27 22:55:37.897 INFO [=======================]
2021-08-27 22:55:37.899 INFO [Configuración global: ]
{
  "totalTimes": 1,
  "numPopIndivual": 2685,
  "numPopIntermediary": 2685,
  "numPopNoProfitBusiness": 2685,
  "numPopProfitBusiness": 2685,
  "numPopTrustBusiness": 2685,
  "numPopShellBusiness": 2685,
  "numPopHighPropensityFraud": 1730,
  "perPopWatchList": 0,
  "maxTimesWatchList": 23,
  "maxTimesCleanWatchList": 8,
  "maxPropensityFraud": 0.81375,
  "maxHighPropensityFraud": 0.9,
  "perLinkedIntermediary": 0.741,
  "numMaxLinkedNoIntermediary": 14.6875,
  "numMaxLinkedIndBusInter": 4.01,
  "perExecuteDeposit": 0.19875,
  "perExecuteTransfer": 0.337,
  "perExecuteWithdrawal": 0.31925,
  "amountSuspiciousOperation": 10000,
  "rangeAmountTransaction": {
    "start": 0,
    "end": 10133.75
  },
  "perNewLinkTransact": 0.063
}
2021-08-27 22:55:37.898 INFO [Configuración global: ]
{
  "totalIteration": 1
}
2021-08-27 22:55:38.041 FATAL [The value of "max" is out of range. It must be greater than the value of "min" (0). Received -1]
RangeError [ERR_OUT_OF_RANGE]: The value of "max" is out of range. It must be greater than the value of "min" (0). Received -1
    at Object.randomInt (internal/crypto/random.js:153:11)
    at Function.__webpack_modules__../src/app/abm/odd/UtilityRandom.ts.UtilityRandom.randomRange (http://localhost:9000/renderer.js:69010:37)
    at Function.Host.createIntermediaries (http://localhost:9000/renderer.js:67501:49)
    at Network.createAgents (http://localhost:9000/renderer.js:67603:21)
    at Function.<anonymous> (http://localhost:9000/renderer.js:69374:33)
    at step (http://localhost:9000/renderer.js:69329:23)
    at Object.next (http://localhost:9000/renderer.js:69310:53)
    at fulfilled (http://localhost:9000/renderer.js:69301:58)
2021-08-27 22:57:00.673 INFO [=======================]
2021-08-27 22:57:00.673 INFO [Inicio de la simulación]
2021-08-27 22:57:00.673 INFO [=======================]
2021-08-27 22:57:00.674 INFO [Configuración global: ]
{
  "totalIteration": 1
}
2021-08-27 22:57:00.674 INFO [Configuración global: ]
{
  "totalTimes": 1,
  "numPopIndivual": 2685,
  "numPopIntermediary": 2685,
  "numPopNoProfitBusiness": 2685,
  "numPopProfitBusiness": 2685,
  "numPopTrustBusiness": 2685,
  "numPopShellBusiness": 2685,
  "numPopHighPropensityFraud": 1730,
  "perPopWatchList": 0,
  "maxTimesWatchList": 23,
  "maxTimesCleanWatchList": 8,
  "maxPropensityFraud": 0.81375,
  "maxHighPropensityFraud": 0.9,
  "perLinkedIntermediary": 0.741,
  "numMaxLinkedNoIntermediary": 14.6875,
  "numMaxLinkedIndBusInter": 4.01,
  "perExecuteDeposit": 0.19875,
  "perExecuteTransfer": 0.337,
  "perExecuteWithdrawal": 0.31925,
  "amountSuspiciousOperation": 10000,
  "rangeAmountTransaction": {
    "start": 0,
    "end": 10133.75
  },
  "perNewLinkTransact": 0.063
}
2021-08-27 22:57:00.811 FATAL [The value of "max" is out of range. It must be greater than the value of "min" (0). Received -1]
RangeError [ERR_OUT_OF_RANGE]: The value of "max" is out of range. It must be greater than the value of "min" (0). Received -1
    at Object.randomInt (internal/crypto/random.js:153:11)
    at Function.__webpack_modules__../src/app/abm/odd/UtilityRandom.ts.UtilityRandom.randomRange (http://localhost:9000/renderer.js:69010:37)
    at Function.Host.createIntermediaries (http://localhost:9000/renderer.js:67501:49)
    at Network.createAgents (http://localhost:9000/renderer.js:67603:21)
    at Function.<anonymous> (http://localhost:9000/renderer.js:69374:33)
    at step (http://localhost:9000/renderer.js:69329:23)
    at Object.next (http://localhost:9000/renderer.js:69310:53)
    at fulfilled (http://localhost:9000/renderer.js:69301:58)
2021-08-27 22:57:16.545 INFO [=======================]
2021-08-27 22:57:16.546 INFO [=======================]
2021-08-27 22:57:16.546 INFO [Inicio de la simulación]
2021-08-27 22:57:16.547 INFO [Configuración global: ]
{
  "totalIteration": 1
}
2021-08-27 22:57:16.703 FATAL [The value of "max" is out of range. It must be greater than the value of "min" (0). Received -1]
RangeError [ERR_OUT_OF_RANGE]: The value of "max" is out of range. It must be greater than the value of "min" (0). Received -1
    at Object.randomInt (internal/crypto/random.js:153:11)
    at Function.__webpack_modules__../src/app/abm/odd/UtilityRandom.ts.UtilityRandom.randomRange (http://localhost:9000/renderer.js:69010:37)
    at Function.Host.createIntermediaries (http://localhost:9000/renderer.js:67501:49)
    at Network.createAgents (http://localhost:9000/renderer.js:67603:21)
    at Function.<anonymous> (http://localhost:9000/renderer.js:69374:33)
    at step (http://localhost:9000/renderer.js:69329:23)
    at Object.next (http://localhost:9000/renderer.js:69310:53)
    at fulfilled (http://localhost:9000/renderer.js:69301:58)
2021-08-27 22:57:16.547 INFO [Configuración global: ]
{
  "totalTimes": 1,
  "numPopIndivual": 2685,
  "numPopIntermediary": 2685,
  "numPopNoProfitBusiness": 2685,
  "numPopProfitBusiness": 2685,
  "numPopTrustBusiness": 2685,
  "numPopShellBusiness": 2685,
  "numPopHighPropensityFraud": 1730,
  "perPopWatchList": 0,
  "maxTimesWatchList": 23,
  "maxTimesCleanWatchList": 8,
  "maxPropensityFraud": 0.81375,
  "maxHighPropensityFraud": 0.9,
  "perLinkedIntermediary": 0.741,
  "numMaxLinkedNoIntermediary": 14.6875,
  "numMaxLinkedIndBusInter": 4.01,
  "perExecuteDeposit": 0.19875,
  "perExecuteTransfer": 0.337,
  "perExecuteWithdrawal": 0.31925,
  "amountSuspiciousOperation": 10000,
  "rangeAmountTransaction": {
    "start": 0,
    "end": 10133.75
  },
  "perNewLinkTransact": 0.063
}
2021-08-27 22:57:34.376 INFO [=======================]
2021-08-27 22:57:34.378 INFO [Inicio de la simulación]
2021-08-27 22:57:34.378 INFO [=======================]
2021-08-27 22:57:34.379 INFO [Configuración global: ]
{
  "totalIteration": 1
}
2021-08-27 22:57:34.380 INFO [Configuración global: ]
{
  "totalTimes": 1,
  "numPopIndivual": 2685,
  "numPopIntermediary": 2685,
  "numPopNoProfitBusiness": 2685,
  "numPopProfitBusiness": 2685,
  "numPopTrustBusiness": 2685,
  "numPopShellBusiness": 2685,
  "numPopHighPropensityFraud": 1730,
  "perPopWatchList": 0,
  "maxTimesWatchList": 23,
  "maxTimesCleanWatchList": 8,
  "maxPropensityFraud": 0.81375,
  "maxHighPropensityFraud": 0.9,
  "perLinkedIntermediary": 0.741,
  "numMaxLinkedNoIntermediary": 14.6875,
  "numMaxLinkedIndBusInter": 4.01,
  "perExecuteDeposit": 0.19875,
  "perExecuteTransfer": 0.337,
  "perExecuteWithdrawal": 0.31925,
  "amountSuspiciousOperation": 10000,
  "rangeAmountTransaction": {
    "start": 0,
    "end": 10133.75
  },
  "perNewLinkTransact": 0.063
}
2021-08-27 22:57:34.519 FATAL [The value of "max" is out of range. It must be greater than the value of "min" (0). Received -1]
RangeError [ERR_OUT_OF_RANGE]: The value of "max" is out of range. It must be greater than the value of "min" (0). Received -1
    at Object.randomInt (internal/crypto/random.js:153:11)
    at Function.__webpack_modules__../src/app/abm/odd/UtilityRandom.ts.UtilityRandom.randomRange (http://localhost:9000/renderer.js:69010:37)
    at Function.Host.createIntermediaries (http://localhost:9000/renderer.js:67501:49)
    at Network.createAgents (http://localhost:9000/renderer.js:67603:21)
    at Function.<anonymous> (http://localhost:9000/renderer.js:69374:33)
    at step (http://localhost:9000/renderer.js:69329:23)
    at Object.next (http://localhost:9000/renderer.js:69310:53)
    at fulfilled (http://localhost:9000/renderer.js:69301:58)
2021-08-27 22:58:10.304 INFO [Inicio de la simulación]
2021-08-27 22:58:10.303 INFO [=======================]
2021-08-27 22:58:10.305 INFO [=======================]
2021-08-27 22:58:10.306 INFO [Configuración global: ]
{
  "totalIteration": 1
}
2021-08-27 22:58:10.447 FATAL [The value of "max" is out of range. It must be greater than the value of "min" (0). Received -1]
RangeError [ERR_OUT_OF_RANGE]: The value of "max" is out of range. It must be greater than the value of "min" (0). Received -1
    at Object.randomInt (internal/crypto/random.js:153:11)
    at Function.__webpack_modules__../src/app/abm/odd/UtilityRandom.ts.UtilityRandom.randomRange (http://localhost:9000/renderer.js:69010:37)
    at Function.Host.createIntermediaries (http://localhost:9000/renderer.js:67501:49)
    at Network.createAgents (http://localhost:9000/renderer.js:67603:21)
    at Function.<anonymous> (http://localhost:9000/renderer.js:69374:33)
    at step (http://localhost:9000/renderer.js:69329:23)
    at Object.next (http://localhost:9000/renderer.js:69310:53)
    at fulfilled (http://localhost:9000/renderer.js:69301:58)
2021-08-27 22:58:10.307 INFO [Configuración global: ]
{
  "totalTimes": 1,
  "numPopIndivual": 2685,
  "numPopIntermediary": 2685,
  "numPopNoProfitBusiness": 2685,
  "numPopProfitBusiness": 2685,
  "numPopTrustBusiness": 2685,
  "numPopShellBusiness": 2685,
  "numPopHighPropensityFraud": 1730,
  "perPopWatchList": 0,
  "maxTimesWatchList": 23,
  "maxTimesCleanWatchList": 8,
  "maxPropensityFraud": 0.81375,
  "maxHighPropensityFraud": 0.9,
  "perLinkedIntermediary": 0.741,
  "numMaxLinkedNoIntermediary": 14.6875,
  "numMaxLinkedIndBusInter": 4.01,
  "perExecuteDeposit": 0.19875,
  "perExecuteTransfer": 0.337,
  "perExecuteWithdrawal": 0.31925,
  "amountSuspiciousOperation": 10000,
  "rangeAmountTransaction": {
    "start": 0,
    "end": 10133.75
  },
  "perNewLinkTransact": 0.063
}
2021-08-27 22:59:49.201 INFO [Inicio de la simulación]
2021-08-27 22:59:49.199 INFO [=======================]
2021-08-27 22:59:49.201 INFO [=======================]
2021-08-27 22:59:49.202 INFO [Configuración global: ]
{
  "totalIteration": 1
}
2021-08-27 22:59:49.203 INFO [Configuración global: ]
{
  "totalTimes": 1,
  "numPopIndivual": 2685,
  "numPopIntermediary": 2685,
  "numPopNoProfitBusiness": 2685,
  "numPopProfitBusiness": 2685,
  "numPopTrustBusiness": 2685,
  "numPopShellBusiness": 2685,
  "numPopHighPropensityFraud": 1730,
  "perPopWatchList": 0,
  "maxTimesWatchList": 23,
  "maxTimesCleanWatchList": 8,
  "maxPropensityFraud": 0.81375,
  "maxHighPropensityFraud": 0.9,
  "perLinkedIntermediary": 0.741,
  "numMaxLinkedNoIntermediary": 14.6875,
  "numMaxLinkedIndBusInter": 4.01,
  "perExecuteDeposit": 0.19875,
  "perExecuteTransfer": 0.337,
  "perExecuteWithdrawal": 0.31925,
  "amountSuspiciousOperation": 10000,
  "rangeAmountTransaction": {
    "start": 0,
    "end": 10133.75
  },
  "perNewLinkTransact": 0.063
}
2021-08-27 22:59:49.344 FATAL [The value of "max" is out of range. It must be greater than the value of "min" (0). Received -1]
RangeError [ERR_OUT_OF_RANGE]: The value of "max" is out of range. It must be greater than the value of "min" (0). Received -1
    at Object.randomInt (internal/crypto/random.js:153:11)
    at Function.__webpack_modules__../src/app/abm/odd/UtilityRandom.ts.UtilityRandom.randomRange (http://localhost:9000/renderer.js:69010:37)
    at Function.Host.createIntermediaries (http://localhost:9000/renderer.js:67501:49)
    at Network.createAgents (http://localhost:9000/renderer.js:67603:21)
    at Function.<anonymous> (http://localhost:9000/renderer.js:69374:33)
    at step (http://localhost:9000/renderer.js:69329:23)
    at Object.next (http://localhost:9000/renderer.js:69310:53)
    at fulfilled (http://localhost:9000/renderer.js:69301:58)
2021-08-27 23:00:49.448 INFO [=======================]
2021-08-27 23:00:49.450 INFO [Inicio de la simulación]
2021-08-27 23:00:49.450 INFO [=======================]
2021-08-27 23:00:49.451 INFO [Configuración global: ]
{
  "totalIteration": 1
}
2021-08-27 23:00:49.452 INFO [Configuración global: ]
{
  "totalTimes": 1,
  "numPopIndivual": 2685,
  "numPopIntermediary": 2685,
  "numPopNoProfitBusiness": 2685,
  "numPopProfitBusiness": 2685,
  "numPopTrustBusiness": 2685,
  "numPopShellBusiness": 2685,
  "numPopHighPropensityFraud": 1730,
  "perPopWatchList": 0,
  "maxTimesWatchList": 23,
  "maxTimesCleanWatchList": 8,
  "maxPropensityFraud": 0.81375,
  "maxHighPropensityFraud": 0.9,
  "perLinkedIntermediary": 0.741,
  "numMaxLinkedNoIntermediary": 14.6875,
  "numMaxLinkedIndBusInter": 4.01,
  "perExecuteDeposit": 0.19875,
  "perExecuteTransfer": 0.337,
  "perExecuteWithdrawal": 0.31925,
  "amountSuspiciousOperation": 10000,
  "rangeAmountTransaction": {
    "start": 0,
    "end": 10133.75
  },
  "perNewLinkTransact": 0.063
}
2021-08-27 23:00:49.594 FATAL [The value of "max" is out of range. It must be greater than the value of "min" (0). Received -1]
RangeError [ERR_OUT_OF_RANGE]: The value of "max" is out of range. It must be greater than the value of "min" (0). Received -1
    at Object.randomInt (internal/crypto/random.js:153:11)
    at Function.__webpack_modules__../src/app/abm/odd/UtilityRandom.ts.UtilityRandom.randomRange (http://localhost:9000/renderer.js:69010:37)
    at Function.Host.createIntermediaries (http://localhost:9000/renderer.js:67501:49)
    at Network.createAgents (http://localhost:9000/renderer.js:67603:21)
    at Function.<anonymous> (http://localhost:9000/renderer.js:69374:33)
    at step (http://localhost:9000/renderer.js:69329:23)
    at Object.next (http://localhost:9000/renderer.js:69310:53)
    at fulfilled (http://localhost:9000/renderer.js:69301:58)
2021-08-27 23:01:19.100 INFO [=======================]
2021-08-27 23:01:19.100 INFO [Inicio de la simulación]
2021-08-27 23:01:19.101 INFO [=======================]
2021-08-27 23:01:19.101 INFO [Configuración global: ]
{
  "totalIteration": 1
}
2021-08-27 23:01:19.101 INFO [Configuración global: ]
{
  "totalTimes": 1,
  "numPopIndivual": 2685,
  "numPopIntermediary": 2685,
  "numPopNoProfitBusiness": 2685,
  "numPopProfitBusiness": 2685,
  "numPopTrustBusiness": 2685,
  "numPopShellBusiness": 2685,
  "numPopHighPropensityFraud": 1730,
  "perPopWatchList": 0,
  "maxTimesWatchList": 23,
  "maxTimesCleanWatchList": 8,
  "maxPropensityFraud": 0.81375,
  "maxHighPropensityFraud": 0.9,
  "perLinkedIntermediary": 0.741,
  "numMaxLinkedNoIntermediary": 14.6875,
  "numMaxLinkedIndBusInter": 4.01,
  "perExecuteDeposit": 0.19875,
  "perExecuteTransfer": 0.337,
  "perExecuteWithdrawal": 0.31925,
  "amountSuspiciousOperation": 10000,
  "rangeAmountTransaction": {
    "start": 0,
    "end": 10133.75
  },
  "perNewLinkTransact": 0.063
}
2021-08-27 23:01:19.220 FATAL [The value of "max" is out of range. It must be greater than the value of "min" (0). Received -1]
RangeError [ERR_OUT_OF_RANGE]: The value of "max" is out of range. It must be greater than the value of "min" (0). Received -1
    at Object.randomInt (internal/crypto/random.js:153:11)
    at Function.__webpack_modules__../src/app/abm/odd/UtilityRandom.ts.UtilityRandom.randomRange (http://localhost:9000/renderer.js:69010:37)
    at Function.Host.createIntermediaries (http://localhost:9000/renderer.js:67501:49)
    at Network.createAgents (http://localhost:9000/renderer.js:67603:21)
    at Function.<anonymous> (http://localhost:9000/renderer.js:69374:33)
    at step (http://localhost:9000/renderer.js:69329:23)
    at Object.next (http://localhost:9000/renderer.js:69310:53)
    at fulfilled (http://localhost:9000/renderer.js:69301:58)
2021-08-27 23:01:58.416 INFO [=======================]
2021-08-27 23:01:58.417 INFO [Inicio de la simulación]
2021-08-27 23:01:58.418 INFO [=======================]
2021-08-27 23:01:58.419 INFO [Configuración global: ]
{
  "totalIteration": 1
}
2021-08-27 23:01:58.420 INFO [Configuración global: ]
{
  "totalTimes": 1,
  "numPopIndivual": 2685,
  "numPopIntermediary": 2685,
  "numPopNoProfitBusiness": 2685,
  "numPopProfitBusiness": 2685,
  "numPopTrustBusiness": 2685,
  "numPopShellBusiness": 2685,
  "numPopHighPropensityFraud": 1730,
  "perPopWatchList": 0,
  "maxTimesWatchList": 23,
  "maxTimesCleanWatchList": 8,
  "maxPropensityFraud": 0.81375,
  "maxHighPropensityFraud": 0.9,
  "perLinkedIntermediary": 0.741,
  "numMaxLinkedNoIntermediary": 14.6875,
  "numMaxLinkedIndBusInter": 4.01,
  "perExecuteDeposit": 0.19875,
  "perExecuteTransfer": 0.337,
  "perExecuteWithdrawal": 0.31925,
  "amountSuspiciousOperation": 10000,
  "rangeAmountTransaction": {
    "start": 0,
    "end": 10133.75
  },
  "perNewLinkTransact": 0.063
}
2021-08-27 23:01:58.561 FATAL [The value of "max" is out of range. It must be greater than the value of "min" (0). Received -1]
RangeError [ERR_OUT_OF_RANGE]: The value of "max" is out of range. It must be greater than the value of "min" (0). Received -1
    at Object.randomInt (internal/crypto/random.js:153:11)
    at Function.__webpack_modules__../src/app/abm/odd/UtilityRandom.ts.UtilityRandom.randomRange (http://localhost:9000/renderer.js:69010:37)
    at Function.Host.createIntermediaries (http://localhost:9000/renderer.js:67501:49)
    at Network.createAgents (http://localhost:9000/renderer.js:67603:21)
    at Function.<anonymous> (http://localhost:9000/renderer.js:69374:33)
    at step (http://localhost:9000/renderer.js:69329:23)
    at Object.next (http://localhost:9000/renderer.js:69310:53)
    at fulfilled (http://localhost:9000/renderer.js:69301:58)
2021-08-27 23:03:49.403 INFO [=======================]
2021-08-27 23:03:49.404 INFO [Inicio de la simulación]
2021-08-27 23:03:49.405 INFO [=======================]
2021-08-27 23:03:49.406 INFO [Configuración global: ]
{
  "totalIteration": 1
}
2021-08-27 23:03:49.407 INFO [Configuración global: ]
{
  "totalTimes": 1,
  "numPopIndivual": 2685,
  "numPopIntermediary": 2685,
  "numPopNoProfitBusiness": 2685,
  "numPopProfitBusiness": 2685,
  "numPopTrustBusiness": 2685,
  "numPopShellBusiness": 2685,
  "numPopHighPropensityFraud": 1730,
  "perPopWatchList": 0,
  "maxTimesWatchList": 23,
  "maxTimesCleanWatchList": 8,
  "maxPropensityFraud": 0.81375,
  "maxHighPropensityFraud": 0.9,
  "perLinkedIntermediary": 0.741,
  "numMaxLinkedNoIntermediary": 14.6875,
  "numMaxLinkedIndBusInter": 4.01,
  "perExecuteDeposit": 0.19875,
  "perExecuteTransfer": 0.337,
  "perExecuteWithdrawal": 0.31925,
  "amountSuspiciousOperation": 10000,
  "rangeAmountTransaction": {
    "start": 0,
    "end": 10133.75
  },
  "perNewLinkTransact": 0.063
}
2021-08-27 23:03:49.742 FATAL [The value of "max" is out of range. It must be greater than the value of "min" (0). Received -1]
RangeError [ERR_OUT_OF_RANGE]: The value of "max" is out of range. It must be greater than the value of "min" (0). Received -1
    at Object.randomInt (internal/crypto/random.js:153:11)
    at Function.__webpack_modules__../src/app/abm/odd/UtilityRandom.ts.UtilityRandom.randomRange (http://localhost:9000/renderer.js:69010:37)
    at Function.Host.createIntermediaries (http://localhost:9000/renderer.js:67501:49)
    at Network.createAgents (http://localhost:9000/renderer.js:67603:21)
    at Function.<anonymous> (http://localhost:9000/renderer.js:69374:33)
    at step (http://localhost:9000/renderer.js:69329:23)
    at Object.next (http://localhost:9000/renderer.js:69310:53)
    at fulfilled (http://localhost:9000/renderer.js:69301:58)
2021-08-27 23:03:52.490 INFO [=======================]
2021-08-27 23:03:52.490 INFO [Inicio de la simulación]
2021-08-27 23:03:52.490 INFO [=======================]
2021-08-27 23:03:52.491 INFO [Configuración global: ]
{
  "totalIteration": 1
}
2021-08-27 23:03:52.491 INFO [Configuración global: ]
{
  "totalTimes": 1,
  "numPopIndivual": 2685,
  "numPopIntermediary": 2685,
  "numPopNoProfitBusiness": 2685,
  "numPopProfitBusiness": 2685,
  "numPopTrustBusiness": 2685,
  "numPopShellBusiness": 2685,
  "numPopHighPropensityFraud": 1730,
  "perPopWatchList": 0,
  "maxTimesWatchList": 23,
  "maxTimesCleanWatchList": 8,
  "maxPropensityFraud": 0.81375,
  "maxHighPropensityFraud": 0.9,
  "perLinkedIntermediary": 0.741,
  "numMaxLinkedNoIntermediary": 14.6875,
  "numMaxLinkedIndBusInter": 4.01,
  "perExecuteDeposit": 0.19875,
  "perExecuteTransfer": 0.337,
  "perExecuteWithdrawal": 0.31925,
  "amountSuspiciousOperation": 10000,
  "rangeAmountTransaction": {
    "start": 0,
    "end": 10133.75
  },
  "perNewLinkTransact": 0.063
}
2021-08-27 23:03:52.820 FATAL [The value of "max" is out of range. It must be greater than the value of "min" (0). Received -1]
RangeError [ERR_OUT_OF_RANGE]: The value of "max" is out of range. It must be greater than the value of "min" (0). Received -1
    at Object.randomInt (internal/crypto/random.js:153:11)
    at Function.__webpack_modules__../src/app/abm/odd/UtilityRandom.ts.UtilityRandom.randomRange (http://localhost:9000/renderer.js:69010:37)
    at Function.Host.createIntermediaries (http://localhost:9000/renderer.js:67501:49)
    at Network.createAgents (http://localhost:9000/renderer.js:67603:21)
    at Function.<anonymous> (http://localhost:9000/renderer.js:69374:33)
    at step (http://localhost:9000/renderer.js:69329:23)
    at Object.next (http://localhost:9000/renderer.js:69310:53)
    at fulfilled (http://localhost:9000/renderer.js:69301:58)
2021-08-27 23:03:53.146 INFO [=======================]
2021-08-27 23:03:53.147 INFO [Inicio de la simulación]
2021-08-27 23:03:53.147 INFO [=======================]
2021-08-27 23:03:53.148 INFO [Configuración global: ]
{
  "totalIteration": 1
}
2021-08-27 23:03:53.148 INFO [Configuración global: ]
{
  "totalTimes": 1,
  "numPopIndivual": 2685,
  "numPopIntermediary": 2685,
  "numPopNoProfitBusiness": 2685,
  "numPopProfitBusiness": 2685,
  "numPopTrustBusiness": 2685,
  "numPopShellBusiness": 2685,
  "numPopHighPropensityFraud": 1730,
  "perPopWatchList": 0,
  "maxTimesWatchList": 23,
  "maxTimesCleanWatchList": 8,
  "maxPropensityFraud": 0.81375,
  "maxHighPropensityFraud": 0.9,
  "perLinkedIntermediary": 0.741,
  "numMaxLinkedNoIntermediary": 14.6875,
  "numMaxLinkedIndBusInter": 4.01,
  "perExecuteDeposit": 0.19875,
  "perExecuteTransfer": 0.337,
  "perExecuteWithdrawal": 0.31925,
  "amountSuspiciousOperation": 10000,
  "rangeAmountTransaction": {
    "start": 0,
    "end": 10133.75
  },
  "perNewLinkTransact": 0.063
}
2021-08-27 23:03:53.478 FATAL [The value of "max" is out of range. It must be greater than the value of "min" (0). Received -1]
RangeError [ERR_OUT_OF_RANGE]: The value of "max" is out of range. It must be greater than the value of "min" (0). Received -1
    at Object.randomInt (internal/crypto/random.js:153:11)
    at Function.__webpack_modules__../src/app/abm/odd/UtilityRandom.ts.UtilityRandom.randomRange (http://localhost:9000/renderer.js:69010:37)
    at Function.Host.createIntermediaries (http://localhost:9000/renderer.js:67501:49)
    at Network.createAgents (http://localhost:9000/renderer.js:67603:21)
    at Function.<anonymous> (http://localhost:9000/renderer.js:69374:33)
    at step (http://localhost:9000/renderer.js:69329:23)
    at Object.next (http://localhost:9000/renderer.js:69310:53)
    at fulfilled (http://localhost:9000/renderer.js:69301:58)
2021-08-27 23:03:53.953 INFO [=======================]
2021-08-27 23:03:53.953 INFO [Inicio de la simulación]
2021-08-27 23:03:53.954 INFO [Configuración global: ]
{
  "totalTimes": 1,
  "numPopIndivual": 2685,
  "numPopIntermediary": 2685,
  "numPopNoProfitBusiness": 2685,
  "numPopProfitBusiness": 2685,
  "numPopTrustBusiness": 2685,
  "numPopShellBusiness": 2685,
  "numPopHighPropensityFraud": 1730,
  "perPopWatchList": 0,
  "maxTimesWatchList": 23,
  "maxTimesCleanWatchList": 8,
  "maxPropensityFraud": 0.81375,
  "maxHighPropensityFraud": 0.9,
  "perLinkedIntermediary": 0.741,
  "numMaxLinkedNoIntermediary": 14.6875,
  "numMaxLinkedIndBusInter": 4.01,
  "perExecuteDeposit": 0.19875,
  "perExecuteTransfer": 0.337,
  "perExecuteWithdrawal": 0.31925,
  "amountSuspiciousOperation": 10000,
  "rangeAmountTransaction": {
    "start": 0,
    "end": 10133.75
  },
  "perNewLinkTransact": 0.063
}
2021-08-27 23:03:53.953 INFO [=======================]
2021-08-27 23:03:54.259 FATAL [The value of "max" is out of range. It must be greater than the value of "min" (0). Received -1]
RangeError [ERR_OUT_OF_RANGE]: The value of "max" is out of range. It must be greater than the value of "min" (0). Received -1
    at Object.randomInt (internal/crypto/random.js:153:11)
    at Function.__webpack_modules__../src/app/abm/odd/UtilityRandom.ts.UtilityRandom.randomRange (http://localhost:9000/renderer.js:69010:37)
    at Function.Host.createIntermediaries (http://localhost:9000/renderer.js:67501:49)
    at Network.createAgents (http://localhost:9000/renderer.js:67603:21)
    at Function.<anonymous> (http://localhost:9000/renderer.js:69374:33)
    at step (http://localhost:9000/renderer.js:69329:23)
    at Object.next (http://localhost:9000/renderer.js:69310:53)
    at fulfilled (http://localhost:9000/renderer.js:69301:58)
2021-08-27 23:03:54.261 INFO [=======================]
2021-08-27 23:03:53.954 INFO [Configuración global: ]
{
  "totalIteration": 1
}
2021-08-27 23:03:54.261 INFO [Inicio de la simulación]
2021-08-27 23:03:54.261 INFO [=======================]
2021-08-27 23:03:54.262 INFO [Configuración global: ]
{
  "totalIteration": 1
}
2021-08-27 23:03:54.262 INFO [Configuración global: ]
{
  "totalTimes": 1,
  "numPopIndivual": 2685,
  "numPopIntermediary": 2685,
  "numPopNoProfitBusiness": 2685,
  "numPopProfitBusiness": 2685,
  "numPopTrustBusiness": 2685,
  "numPopShellBusiness": 2685,
  "numPopHighPropensityFraud": 1730,
  "perPopWatchList": 0,
  "maxTimesWatchList": 23,
  "maxTimesCleanWatchList": 8,
  "maxPropensityFraud": 0.81375,
  "maxHighPropensityFraud": 0.9,
  "perLinkedIntermediary": 0.741,
  "numMaxLinkedNoIntermediary": 14.6875,
  "numMaxLinkedIndBusInter": 4.01,
  "perExecuteDeposit": 0.19875,
  "perExecuteTransfer": 0.337,
  "perExecuteWithdrawal": 0.31925,
  "amountSuspiciousOperation": 10000,
  "rangeAmountTransaction": {
    "start": 0,
    "end": 10133.75
  },
  "perNewLinkTransact": 0.063
}
2021-08-27 23:03:54.542 FATAL [The value of "max" is out of range. It must be greater than the value of "min" (0). Received -1]
RangeError [ERR_OUT_OF_RANGE]: The value of "max" is out of range. It must be greater than the value of "min" (0). Received -1
    at Object.randomInt (internal/crypto/random.js:153:11)
    at Function.__webpack_modules__../src/app/abm/odd/UtilityRandom.ts.UtilityRandom.randomRange (http://localhost:9000/renderer.js:69010:37)
    at Function.Host.createIntermediaries (http://localhost:9000/renderer.js:67501:49)
    at Network.createAgents (http://localhost:9000/renderer.js:67603:21)
    at Function.<anonymous> (http://localhost:9000/renderer.js:69374:33)
    at step (http://localhost:9000/renderer.js:69329:23)
    at Object.next (http://localhost:9000/renderer.js:69310:53)
    at fulfilled (http://localhost:9000/renderer.js:69301:58)
2021-08-27 23:04:31.111 INFO [=======================]
2021-08-27 23:04:31.112 INFO [Inicio de la simulación]
2021-08-27 23:04:31.113 INFO [=======================]
2021-08-27 23:04:31.114 INFO [Configuración global: ]
{
  "totalIteration": 1
}
2021-08-27 23:04:31.115 INFO [Configuración global: ]
{
  "totalTimes": 1,
  "numPopIndivual": 2685,
  "numPopIntermediary": 2685,
  "numPopNoProfitBusiness": 2685,
  "numPopProfitBusiness": 2685,
  "numPopTrustBusiness": 2685,
  "numPopShellBusiness": 2685,
  "numPopHighPropensityFraud": 1730,
  "perPopWatchList": 0,
  "maxTimesWatchList": 23,
  "maxTimesCleanWatchList": 8,
  "maxPropensityFraud": 0.81375,
  "maxHighPropensityFraud": 0.9,
  "perLinkedIntermediary": 0.741,
  "numMaxLinkedNoIntermediary": 14.6875,
  "numMaxLinkedIndBusInter": 4.01,
  "perExecuteDeposit": 0.19875,
  "perExecuteTransfer": 0.337,
  "perExecuteWithdrawal": 0.31925,
  "amountSuspiciousOperation": 10000,
  "rangeAmountTransaction": {
    "start": 0,
    "end": 10133.75
  },
  "perNewLinkTransact": 0.063
}
2021-08-27 23:04:31.491 FATAL [The value of "max" is out of range. It must be greater than the value of "min" (0). Received -1]
RangeError [ERR_OUT_OF_RANGE]: The value of "max" is out of range. It must be greater than the value of "min" (0). Received -1
    at Object.randomInt (internal/crypto/random.js:153:11)
    at Function.__webpack_modules__../src/app/abm/odd/UtilityRandom.ts.UtilityRandom.randomRange (http://localhost:9000/renderer.js:69010:37)
    at Function.Host.createIntermediaries (http://localhost:9000/renderer.js:67501:49)
    at Network.createAgents (http://localhost:9000/renderer.js:67603:21)
    at Function.<anonymous> (http://localhost:9000/renderer.js:69374:33)
    at step (http://localhost:9000/renderer.js:69329:23)
    at Object.next (http://localhost:9000/renderer.js:69310:53)
    at fulfilled (http://localhost:9000/renderer.js:69301:58)
2021-08-27 23:05:32.756 INFO [=======================]
2021-08-27 23:05:32.758 INFO [=======================]
2021-08-27 23:05:32.758 INFO [Inicio de la simulación]
2021-08-27 23:05:32.759 INFO [Configuración global: ]
{
  "totalIteration": 1
}
2021-08-27 23:05:32.760 INFO [Configuración global: ]
{
  "totalTimes": 1,
  "numPopIndivual": 2685,
  "numPopIntermediary": 2685,
  "numPopNoProfitBusiness": 2685,
  "numPopProfitBusiness": 2685,
  "numPopTrustBusiness": 2685,
  "numPopShellBusiness": 2685,
  "numPopHighPropensityFraud": 1730,
  "perPopWatchList": 0,
  "maxTimesWatchList": 23,
  "maxTimesCleanWatchList": 8,
  "maxPropensityFraud": 0.81375,
  "maxHighPropensityFraud": 0.9,
  "perLinkedIntermediary": 0.741,
  "numMaxLinkedNoIntermediary": 14.6875,
  "numMaxLinkedIndBusInter": 4.01,
  "perExecuteDeposit": 0.19875,
  "perExecuteTransfer": 0.337,
  "perExecuteWithdrawal": 0.31925,
  "amountSuspiciousOperation": 10000,
  "rangeAmountTransaction": {
    "start": 0,
    "end": 10133.75
  },
  "perNewLinkTransact": 0.063
}
2021-08-27 23:05:33.116 FATAL [The value of "max" is out of range. It must be greater than the value of "min" (0). Received -1]
RangeError [ERR_OUT_OF_RANGE]: The value of "max" is out of range. It must be greater than the value of "min" (0). Received -1
    at Object.randomInt (internal/crypto/random.js:153:11)
    at Function.__webpack_modules__../src/app/abm/odd/UtilityRandom.ts.UtilityRandom.randomRange (http://localhost:9000/renderer.js:69010:37)
    at Function.Host.createIntermediaries (http://localhost:9000/renderer.js:67501:49)
    at Network.createAgents (http://localhost:9000/renderer.js:67603:21)
    at Function.<anonymous> (http://localhost:9000/renderer.js:69374:33)
    at step (http://localhost:9000/renderer.js:69329:23)
    at Object.next (http://localhost:9000/renderer.js:69310:53)
    at fulfilled (http://localhost:9000/renderer.js:69301:58)
2021-08-27 23:06:33.966 INFO [Inicio de la simulación]
2021-08-27 23:06:33.965 INFO [=======================]
2021-08-27 23:06:33.967 INFO [=======================]
2021-08-27 23:06:33.968 INFO [Configuración global: ]
{
  "totalIteration": 1
}
2021-08-27 23:06:33.969 INFO [Configuración global: ]
{
  "totalTimes": 1,
  "numPopIndivual": 2685,
  "numPopIntermediary": 2685,
  "numPopNoProfitBusiness": 2685,
  "numPopProfitBusiness": 2685,
  "numPopTrustBusiness": 2685,
  "numPopShellBusiness": 2685,
  "numPopHighPropensityFraud": 1730,
  "perPopWatchList": 0,
  "maxTimesWatchList": 23,
  "maxTimesCleanWatchList": 8,
  "maxPropensityFraud": 0.81375,
  "maxHighPropensityFraud": 0.9,
  "perLinkedIntermediary": 0.741,
  "numMaxLinkedNoIntermediary": 14.6875,
  "numMaxLinkedIndBusInter": 4.01,
  "perExecuteDeposit": 0.19875,
  "perExecuteTransfer": 0.337,
  "perExecuteWithdrawal": 0.31925,
  "amountSuspiciousOperation": 10000,
  "rangeAmountTransaction": {
    "start": 0,
    "end": 10133.75
  },
  "perNewLinkTransact": 0.063
}
2021-08-27 23:06:34.334 FATAL [The value of "max" is out of range. It must be greater than the value of "min" (0). Received -1]
RangeError [ERR_OUT_OF_RANGE]: The value of "max" is out of range. It must be greater than the value of "min" (0). Received -1
    at Object.randomInt (internal/crypto/random.js:153:11)
    at Function.__webpack_modules__../src/app/abm/odd/UtilityRandom.ts.UtilityRandom.randomRange (http://localhost:9000/renderer.js:69010:37)
    at Function.Host.createIntermediaries (http://localhost:9000/renderer.js:67501:49)
    at Network.createAgents (http://localhost:9000/renderer.js:67603:21)
    at Function.<anonymous> (http://localhost:9000/renderer.js:69374:33)
    at step (http://localhost:9000/renderer.js:69329:23)
    at Object.next (http://localhost:9000/renderer.js:69310:53)
    at fulfilled (http://localhost:9000/renderer.js:69301:58)
2021-08-27 23:06:44.680 INFO [=======================]
2021-08-27 23:06:44.682 INFO [Inicio de la simulación]
2021-08-27 23:06:44.682 INFO [=======================]
2021-08-27 23:06:44.683 INFO [Configuración global: ]
{
  "totalIteration": 1
}
2021-08-27 23:06:44.684 INFO [Configuración global: ]
{
  "totalTimes": 1,
  "numPopIndivual": 2685,
  "numPopIntermediary": 2685,
  "numPopNoProfitBusiness": 2685,
  "numPopProfitBusiness": 2685,
  "numPopTrustBusiness": 2685,
  "numPopShellBusiness": 2685,
  "numPopHighPropensityFraud": 1730,
  "perPopWatchList": 0,
  "maxTimesWatchList": 23,
  "maxTimesCleanWatchList": 8,
  "maxPropensityFraud": 0.81375,
  "maxHighPropensityFraud": 0.9,
  "perLinkedIntermediary": 0.741,
  "numMaxLinkedNoIntermediary": 14.6875,
  "numMaxLinkedIndBusInter": 4.01,
  "perExecuteDeposit": 0.19875,
  "perExecuteTransfer": 0.337,
  "perExecuteWithdrawal": 0.31925,
  "amountSuspiciousOperation": 10000,
  "rangeAmountTransaction": {
    "start": 0,
    "end": 10133.75
  },
  "perNewLinkTransact": 0.063
}
2021-08-27 23:06:45.038 FATAL [The value of "max" is out of range. It must be greater than the value of "min" (0). Received -1]
RangeError [ERR_OUT_OF_RANGE]: The value of "max" is out of range. It must be greater than the value of "min" (0). Received -1
    at Object.randomInt (internal/crypto/random.js:153:11)
    at Function.__webpack_modules__../src/app/abm/odd/UtilityRandom.ts.UtilityRandom.randomRange (http://localhost:9000/renderer.js:69010:37)
    at Function.Host.createIntermediaries (http://localhost:9000/renderer.js:67501:49)
    at Network.createAgents (http://localhost:9000/renderer.js:67603:21)
    at Function.<anonymous> (http://localhost:9000/renderer.js:69374:33)
    at step (http://localhost:9000/renderer.js:69329:23)
    at Object.next (http://localhost:9000/renderer.js:69310:53)
    at fulfilled (http://localhost:9000/renderer.js:69301:58)
2021-08-27 23:06:53.695 INFO [=======================]
2021-08-27 23:06:53.696 INFO [Inicio de la simulación]
2021-08-27 23:06:53.696 INFO [=======================]
2021-08-27 23:06:53.697 INFO [Configuración global: ]
{
  "totalIteration": 1
}
2021-08-27 23:06:53.697 INFO [Configuración global: ]
{
  "totalTimes": 1,
  "numPopIndivual": 2685,
  "numPopIntermediary": 2685,
  "numPopNoProfitBusiness": 2685,
  "numPopProfitBusiness": 2685,
  "numPopTrustBusiness": 2685,
  "numPopShellBusiness": 2685,
  "numPopHighPropensityFraud": 1730,
  "perPopWatchList": 0,
  "maxTimesWatchList": 23,
  "maxTimesCleanWatchList": 8,
  "maxPropensityFraud": 0.81375,
  "maxHighPropensityFraud": 0.9,
  "perLinkedIntermediary": 0.741,
  "numMaxLinkedNoIntermediary": 14.6875,
  "numMaxLinkedIndBusInter": 4.01,
  "perExecuteDeposit": 0.19875,
  "perExecuteTransfer": 0.337,
  "perExecuteWithdrawal": 0.31925,
  "amountSuspiciousOperation": 10000,
  "rangeAmountTransaction": {
    "start": 0,
    "end": 10133.75
  },
  "perNewLinkTransact": 0.063
}
2021-08-27 23:06:54.030 FATAL [The value of "max" is out of range. It must be greater than the value of "min" (0). Received -1]
RangeError [ERR_OUT_OF_RANGE]: The value of "max" is out of range. It must be greater than the value of "min" (0). Received -1
    at Object.randomInt (internal/crypto/random.js:153:11)
    at Function.__webpack_modules__../src/app/abm/odd/UtilityRandom.ts.UtilityRandom.randomRange (http://localhost:9000/renderer.js:69010:37)
    at Function.Host.createIntermediaries (http://localhost:9000/renderer.js:67501:49)
    at Network.createAgents (http://localhost:9000/renderer.js:67603:21)
    at Function.<anonymous> (http://localhost:9000/renderer.js:69374:33)
    at step (http://localhost:9000/renderer.js:69329:23)
    at Object.next (http://localhost:9000/renderer.js:69310:53)
    at fulfilled (http://localhost:9000/renderer.js:69301:58)
2021-08-27 23:12:04.126 INFO [=======================]
2021-08-27 23:12:04.127 INFO [=======================]
2021-08-27 23:12:04.127 INFO [Inicio de la simulación]
2021-08-27 23:12:04.128 INFO [Configuración global: ]
{
  "totalIteration": 1
}
2021-08-27 23:12:04.129 INFO [Configuración global: ]
{
  "totalTimes": 1,
  "numPopIndivual": 2685,
  "numPopIntermediary": 2685,
  "numPopNoProfitBusiness": 2685,
  "numPopProfitBusiness": 2685,
  "numPopTrustBusiness": 2685,
  "numPopShellBusiness": 2685,
  "numPopHighPropensityFraud": 1730,
  "perPopWatchList": 0,
  "maxTimesWatchList": 23,
  "maxTimesCleanWatchList": 8,
  "maxPropensityFraud": 0.81375,
  "maxHighPropensityFraud": 0.9,
  "perLinkedIntermediary": 0.741,
  "numMaxLinkedNoIntermediary": 14.6875,
  "numMaxLinkedIndBusInter": 4.01,
  "perExecuteDeposit": 0.19875,
  "perExecuteTransfer": 0.337,
  "perExecuteWithdrawal": 0.31925,
  "amountSuspiciousOperation": 10000,
  "rangeAmountTransaction": {
    "start": 0,
    "end": 10133.75
  },
  "perNewLinkTransact": 0.063
}
2021-08-27 23:12:04.494 FATAL [The value of "max" is out of range. It must be greater than the value of "min" (0). Received -1]
RangeError [ERR_OUT_OF_RANGE]: The value of "max" is out of range. It must be greater than the value of "min" (0). Received -1
    at Object.randomInt (internal/crypto/random.js:153:11)
    at Function.__webpack_modules__../src/app/abm/odd/UtilityRandom.ts.UtilityRandom.randomRange (http://localhost:9000/renderer.js:69010:37)
    at Function.Host.createIntermediaries (http://localhost:9000/renderer.js:67501:49)
    at Network.createAgents (http://localhost:9000/renderer.js:67603:21)
    at Function.<anonymous> (http://localhost:9000/renderer.js:69375:33)
    at step (http://localhost:9000/renderer.js:69330:23)
    at Object.next (http://localhost:9000/renderer.js:69311:53)
    at fulfilled (http://localhost:9000/renderer.js:69302:58)
2021-08-27 23:13:26.138 INFO [=======================]
2021-08-27 23:13:26.140 INFO [Inicio de la simulación]
2021-08-27 23:13:26.141 INFO [Configuración global: ]
{
  "totalIteration": 1
}
2021-08-27 23:13:26.140 INFO [=======================]
2021-08-27 23:13:26.142 WARM [DATOS DEL SANPLE]
{
  "rangeMaxTimesWatchList": 23.125,
  "rangeMaxTimesCleanWatchList": 7.9875,
  "rangeMaxAmountTransaction": 10133.75,
  "rangePropensityFraud": 0.81375,
  "rangeLinkedIntermediary": 0.741,
  "rangeMaxLinkedNoIntermediary": 14.6875,
  "rangeMaxLinkedIndBusInter": 4.01,
  "rangeExecuteDeposit": 0.19875,
  "rangeExecuteTransfer": 0.337,
  "rangeExecuteWithdrawal": 0.31925,
  "rangeNoNeighbor": 0.647,
  "rangeNewLinkTransact": 0.063,
  "rangePopulation": 2685,
  "rangeIndividual": 0.56825,
  "rangeBusiness": 0.22525,
  "rangeIntermediary": 0.2585,
  "rangeNoProfitBusiness": 0.36775,
  "rangeProfitBusiness": 0.20675,
  "rangeTrustBusiness": 0.12975,
  "rangeShellBusiness": 0.17525,
  "rangeHighPropensityFraud": 0.32225,
  "rangeWatchList": 0.04725
}
2021-08-27 23:13:26.142 INFO [Configuración global: ]
{
  "totalTimes": 1,
  "numPopIndivual": 2685,
  "numPopIntermediary": 2685,
  "numPopNoProfitBusiness": 2685,
  "numPopProfitBusiness": 2685,
  "numPopTrustBusiness": 2685,
  "numPopShellBusiness": 2685,
  "numPopHighPropensityFraud": 1730,
  "perPopWatchList": 0,
  "maxTimesWatchList": 23,
  "maxTimesCleanWatchList": 8,
  "maxPropensityFraud": 0.81375,
  "maxHighPropensityFraud": 0.9,
  "perLinkedIntermediary": 0.741,
  "numMaxLinkedNoIntermediary": 14.6875,
  "numMaxLinkedIndBusInter": 4.01,
  "perExecuteDeposit": 0.19875,
  "perExecuteTransfer": 0.337,
  "perExecuteWithdrawal": 0.31925,
  "amountSuspiciousOperation": 10000,
  "rangeAmountTransaction": {
    "start": 0,
    "end": 10133.75
  },
  "perNewLinkTransact": 0.063
}
2021-08-27 23:13:26.518 FATAL [The value of "max" is out of range. It must be greater than the value of "min" (0). Received -1]
RangeError [ERR_OUT_OF_RANGE]: The value of "max" is out of range. It must be greater than the value of "min" (0). Received -1
    at Object.randomInt (internal/crypto/random.js:153:11)
    at Function.__webpack_modules__../src/app/abm/odd/UtilityRandom.ts.UtilityRandom.randomRange (http://localhost:9000/renderer.js:69010:37)
    at Function.Host.createIntermediaries (http://localhost:9000/renderer.js:67501:49)
    at Network.createAgents (http://localhost:9000/renderer.js:67603:21)
    at Function.<anonymous> (http://localhost:9000/renderer.js:69376:33)
    at step (http://localhost:9000/renderer.js:69331:23)
    at Object.next (http://localhost:9000/renderer.js:69312:53)
    at fulfilled (http://localhost:9000/renderer.js:69303:58)
2021-08-27 23:15:13.982 INFO [=======================]
2021-08-27 23:15:13.983 INFO [Inicio de la simulación]
2021-08-27 23:15:13.983 INFO [=======================]
2021-08-27 23:15:13.983 INFO [Configuración global: ]
{
  "totalIteration": 1
}
2021-08-27 23:15:13.984 WARM [DATOS DEL SANPLE]
{
  "rangeMaxTimesWatchList": 23.125,
  "rangeMaxTimesCleanWatchList": 7.9875,
  "rangeMaxAmountTransaction": 10133.75,
  "rangePropensityFraud": 0.81375,
  "rangeLinkedIntermediary": 0.741,
  "rangeMaxLinkedNoIntermediary": 14.6875,
  "rangeMaxLinkedIndBusInter": 4.01,
  "rangeExecuteDeposit": 0.19875,
  "rangeExecuteTransfer": 0.337,
  "rangeExecuteWithdrawal": 0.31925,
  "rangeNoNeighbor": 0.647,
  "rangeNewLinkTransact": 0.063,
  "rangePopulation": 2685,
  "rangeIndividual": 0.56825,
  "rangeBusiness": 0.22525,
  "rangeIntermediary": 0.2585,
  "rangeNoProfitBusiness": 0.36775,
  "rangeProfitBusiness": 0.20675,
  "rangeTrustBusiness": 0.12975,
  "rangeShellBusiness": 0.17525,
  "rangeHighPropensityFraud": 0.32225,
  "rangeWatchList": 0.04725
}
2021-08-27 23:15:13.984 INFO [Configuración global: ]
{
  "totalTimes": 1,
  "numPopIndivual": 2685,
  "numPopIntermediary": 2685,
  "numPopNoProfitBusiness": 2685,
  "numPopProfitBusiness": 2685,
  "numPopTrustBusiness": 2685,
  "numPopShellBusiness": 2685,
  "numPopHighPropensityFraud": 1730,
  "perPopWatchList": 0,
  "maxTimesWatchList": 23,
  "maxTimesCleanWatchList": 8,
  "maxPropensityFraud": 0.81375,
  "maxHighPropensityFraud": 0.9,
  "perLinkedIntermediary": 0.741,
  "numMaxLinkedNoIntermediary": 14.6875,
  "numMaxLinkedIndBusInter": 4.01,
  "perExecuteDeposit": 0.19875,
  "perExecuteTransfer": 0.337,
  "perExecuteWithdrawal": 0.31925,
  "amountSuspiciousOperation": 10000,
  "rangeAmountTransaction": {
    "start": 0,
    "end": 10133.75
  },
  "perNewLinkTransact": 0.063
}
2021-08-27 23:15:14.319 FATAL [The value of "max" is out of range. It must be greater than the value of "min" (0). Received -1]
RangeError [ERR_OUT_OF_RANGE]: The value of "max" is out of range. It must be greater than the value of "min" (0). Received -1
    at Object.randomInt (internal/crypto/random.js:153:11)
    at Function.__webpack_modules__../src/app/abm/odd/UtilityRandom.ts.UtilityRandom.randomRange (http://localhost:9000/renderer.js:69010:37)
    at Function.Host.createIntermediaries (http://localhost:9000/renderer.js:67501:49)
    at Network.createAgents (http://localhost:9000/renderer.js:67603:21)
    at Function.<anonymous> (http://localhost:9000/renderer.js:69376:33)
    at step (http://localhost:9000/renderer.js:69331:23)
    at Object.next (http://localhost:9000/renderer.js:69312:53)
    at fulfilled (http://localhost:9000/renderer.js:69303:58)
2021-08-27 23:20:44.009 INFO [=======================]
2021-08-27 23:20:44.010 INFO [Inicio de la simulación]
2021-08-27 23:20:44.011 INFO [=======================]
2021-08-27 23:20:44.012 INFO [Configuración global: ]
{
  "totalIteration": 1
}
2021-08-27 23:20:44.013 WARM [DATOS DEL SANPLE]
{
  "rangeMaxTimesWatchList": 23.125,
  "rangeMaxTimesCleanWatchList": 7.9875,
  "rangeMaxAmountTransaction": 10133.75,
  "rangePropensityFraud": 0.81375,
  "rangeLinkedIntermediary": 0.741,
  "rangeMaxLinkedNoIntermediary": 14.6875,
  "rangeMaxLinkedIndBusInter": 4.01,
  "rangeExecuteDeposit": 0.19875,
  "rangeExecuteTransfer": 0.337,
  "rangeExecuteWithdrawal": 0.31925,
  "rangeNoNeighbor": 0.647,
  "rangeNewLinkTransact": 0.063,
  "rangePopulation": 2685,
  "rangeIndividual": 0.56825,
  "rangeBusiness": 0.22525,
  "rangeIntermediary": 0.2585,
  "rangeNoProfitBusiness": 0.36775,
  "rangeProfitBusiness": 0.20675,
  "rangeTrustBusiness": 0.12975,
  "rangeShellBusiness": 0.17525,
  "rangeHighPropensityFraud": 0.32225,
  "rangeWatchList": 0.04725
}
2021-08-27 23:20:44.013 INFO [Configuración global: ]
{
  "totalTimes": 1,
  "numPopIndivual": 1451,
  "numPopIntermediary": 660,
  "numPopNoProfitBusiness": 241,
  "numPopProfitBusiness": 136,
  "numPopTrustBusiness": 85,
  "numPopShellBusiness": 115,
  "numPopHighPropensityFraud": 652,
  "perPopWatchList": 0,
  "maxTimesWatchList": 23,
  "maxTimesCleanWatchList": 8,
  "maxPropensityFraud": 0.81375,
  "maxHighPropensityFraud": 0.9,
  "perLinkedIntermediary": 0.741,
  "numMaxLinkedNoIntermediary": 14.6875,
  "numMaxLinkedIndBusInter": 4.01,
  "perExecuteDeposit": 0.19875,
  "perExecuteTransfer": 0.337,
  "perExecuteWithdrawal": 0.31925,
  "amountSuspiciousOperation": 10000,
  "rangeAmountTransaction": {
    "start": 0,
    "end": 10133.75
  },
  "perNewLinkTransact": 0.063
}
2021-08-27 23:20:44.257 FATAL [The value of "max" is out of range. It must be greater than the value of "min" (0). Received -1]
RangeError [ERR_OUT_OF_RANGE]: The value of "max" is out of range. It must be greater than the value of "min" (0). Received -1
    at Object.randomInt (internal/crypto/random.js:153:11)
    at Function.__webpack_modules__../src/app/abm/odd/UtilityRandom.ts.UtilityRandom.randomRange (http://localhost:9000/renderer.js:69010:37)
    at Function.Host.createIntermediaries (http://localhost:9000/renderer.js:67501:49)
    at Network.createAgents (http://localhost:9000/renderer.js:67603:21)
    at Function.<anonymous> (http://localhost:9000/renderer.js:69376:33)
    at step (http://localhost:9000/renderer.js:69331:23)
    at Object.next (http://localhost:9000/renderer.js:69312:53)
    at fulfilled (http://localhost:9000/renderer.js:69303:58)
2021-08-27 23:31:25.296 INFO [=======================]
2021-08-27 23:31:25.297 INFO [Inicio de la simulación]
2021-08-27 23:31:25.298 INFO [=======================]
2021-08-27 23:31:25.298 INFO [Configuración global: ]
{
  "totalIteration": 1
}
2021-08-27 23:31:25.299 DEBUG [DATOS DEL SANPLE]
{
  "rangeMaxTimesWatchList": 23.125,
  "rangeMaxTimesCleanWatchList": 7.9875,
  "rangeMaxAmountTransaction": 10133.75,
  "rangePropensityFraud": 0.81375,
  "rangeLinkedIntermediary": 0.741,
  "rangeMaxLinkedNoIntermediary": 14.6875,
  "rangeMaxLinkedIndBusInter": 4.01,
  "rangeExecuteDeposit": 0.19875,
  "rangeExecuteTransfer": 0.337,
  "rangeExecuteWithdrawal": 0.31925,
  "rangeNoNeighbor": 0.647,
  "rangeNewLinkTransact": 0.063,
  "rangePopulation": 2685,
  "rangeIndividual": 0.56825,
  "rangeBusiness": 0.22525,
  "rangeIntermediary": 0.2585,
  "rangeNoProfitBusiness": 0.36775,
  "rangeProfitBusiness": 0.20675,
  "rangeTrustBusiness": 0.12975,
  "rangeShellBusiness": 0.17525,
  "rangeHighPropensityFraud": 0.32225,
  "rangeWatchList": 0.04725
}
2021-08-27 23:31:25.300 INFO [Configuración global: ]
{
  "totalTimes": 1,
  "numPopIndivual": 1451,
  "numPopIntermediary": 660,
  "numPopNoProfitBusiness": 241,
  "numPopProfitBusiness": 136,
  "numPopTrustBusiness": 85,
  "numPopShellBusiness": 115,
  "numPopHighPropensityFraud": 652,
  "perPopWatchList": 0,
  "maxTimesWatchList": 23,
  "maxTimesCleanWatchList": 8,
  "maxPropensityFraud": 0.81375,
  "maxHighPropensityFraud": 0.9,
  "perLinkedIntermediary": 0.741,
  "numMaxLinkedNoIntermediary": 14.6875,
  "numMaxLinkedIndBusInter": 4.01,
  "perExecuteDeposit": 0.19875,
  "perExecuteTransfer": 0.337,
  "perExecuteWithdrawal": 0.31925,
  "amountSuspiciousOperation": 10000,
  "rangeAmountTransaction": {
    "start": 0,
    "end": 10133.75
  },
  "perNewLinkTransact": 0.063
}
2021-08-27 23:31:25.525 DEBUG [data createIntermediaries74]
2021-08-27 23:31:25.537 FATAL [The value of "max" is out of range. It must be greater than the value of "min" (0). Received -1]
RangeError [ERR_OUT_OF_RANGE]: The value of "max" is out of range. It must be greater than the value of "min" (0). Received -1
    at Object.randomInt (internal/crypto/random.js:153:11)
    at Function.__webpack_modules__../src/app/abm/odd/UtilityRandom.ts.UtilityRandom.randomRange (http://localhost:9000/renderer.js:69012:37)
    at Function.Host.createIntermediaries (http://localhost:9000/renderer.js:67503:49)
    at Network.createAgents (http://localhost:9000/renderer.js:67605:21)
    at Function.<anonymous> (http://localhost:9000/renderer.js:69378:33)
    at step (http://localhost:9000/renderer.js:69333:23)
    at Object.next (http://localhost:9000/renderer.js:69314:53)
    at fulfilled (http://localhost:9000/renderer.js:69305:58)
